


               eT - a coupled cluster program
           S. D. Folkestad, E. F. Kjønstad, 2017-2018



  Initializing UHF wavefunction.

  Requested fractional uniform valence. Valence electrons will be
  distributed evenly in the highest molecular orbitals (if plural).

  :: Direct-integral Hartree-Fock self-consistent field solver
  :: E. F. Kjønstad, S. D. Folkestad, 2018

  A Roothan-Hall self-consistent field solver. In each iteration,
  the Roothan-Hall equation (or equations for unrestricted HF theory)
  are solved to provide the next orbital coefficients. From the new
  orbitals, a new density provides the next Fock matrix. The cycle
  repeats until the solution is self-consistent (as measured by
  the energy change).

  Initial AO density is core.

     Energy of initial guess:      -232.263101860047
     Number of electrons in guess:   13.000000000000

  Iteration    Energy (a.u.)        Delta E (a.u.)
  ------------------------------------------------
    1          -240.013176947464    0.2400E+03
    2          -241.592842427276    0.1580E+01
    3          -241.788088730615    0.1952E+00
    4          -241.801191595378    0.1310E-01
    5          -241.801980404154    0.7888E-03
    6          -241.802045976522    0.6557E-04
    7          -241.802054530376    0.8554E-05
    8          -241.802056041473    0.1511E-05
    9          -241.802056350479    0.3090E-06
   10          -241.802056417966    0.6749E-07
   11          -241.802056433217    0.1525E-07
   12          -241.802056436732    0.3516E-08
   13          -241.802056437553    0.8209E-09
   14          -241.802056437747    0.1933E-09
   15          -241.802056437792    0.4545E-10
   16          -241.802056437803    0.1091E-10
   17          -241.802056437806    0.2700E-11
   18          -241.802056437806    0.4832E-12
  ------------------------------------------------

  Converged criterion met in  18 iterations!

  Final UHF energetics (a.u.):

     Nuclear repulsion energy:    0.000000000000
     Total electronic energy:  -241.802056437806

     Alpha orbital energies:

       1  -58.542653609767    2   -4.950061729355    3   -3.258492723808
       4   -3.258492723808    5   -3.258492723808    6   -0.440083065592
       7   -0.067355350376    8   -0.067355350376    9   -0.067355350376
      10    0.039145686622   11    0.049088943880   12    0.049088943880
      13    0.049088943880   14    0.097034049145   15    0.097034049145
      16    0.097034049145   17    0.097034049145   18    0.097034049145
      19    0.316326401583   20    0.316326401583   21    0.316326401583
      22    0.316326401583   23    0.316326401583   24    0.320597066877
      25    0.334727122768   26    0.334727122768   27    0.334727122768
      28    0.335061622300   29    0.335061622300   30    0.335061622300
      31    0.335061622300   32    0.335061622300   33    0.335061622300
      34    0.335061622300   35    0.925784195742   36    0.925784195742
      37    0.925784195742   38    0.925784195742   39    0.925784195742
      40    1.038273956847   41    1.038273956847   42    1.038273956847
      43    1.038273956847   44    1.038273956847   45    1.038273956847
      46    1.038273956847   47    1.833179430774   48    2.294888587344
      49    2.294888587344   50    2.294888587344

     Beta orbital energies:

       1  -58.541021161827    2   -4.948449434509    3   -3.254027922531
       4   -3.254027922531    5   -3.254027922531    6   -0.394438964844
       7    0.013272796046    8    0.013272796046    9    0.013272796046
      10    0.048493821109   11    0.064042735316   12    0.064042735316
      13    0.064042735316   14    0.107960472139   15    0.107960472139
      16    0.107960472139   17    0.107960472139   18    0.107960472139
      19    0.331795051833   20    0.337954810100   21    0.337954810100
      22    0.337954810100   23    0.337954810100   24    0.337954810100
      25    0.344910223165   26    0.344910223165   27    0.344910223165
      28    0.344910223165   29    0.344910223165   30    0.344910223165
      31    0.344910223165   32    0.350230619050   33    0.350230619050
      34    0.350230619050   35    0.935932496237   36    0.935932496237
      37    0.935932496237   38    0.935932496237   39    0.935932496237
      40    1.050246427231   41    1.050246427231   42    1.050246427231
      43    1.050246427231   44    1.050246427231   45    1.050246427231
      46    1.050246427231   47    1.838101994013   48    2.301701940207
      49    2.301701940207   50    2.301701940207

  eT terminated successfully!
