


               eT - a coupled cluster program
           S. D. Folkestad, E. F. Kjønstad, 2017-2018



  Initializing UHF wavefunction.

  Requested fractional uniform valence. Valence electrons will be
  distributed evenly in the highest molecular orbitals (if plural).

  :: Direct-integral Hartree-Fock self-consistent field solver
  :: E. F. Kjønstad, S. D. Folkestad, 2018

  A Roothan-Hall self-consistent field solver. In each iteration,
  the Roothan-Hall equation (or equations for unrestricted HF theory)
  are solved to provide the next orbital coefficients. From the new
  orbitals, a new density provides the next Fock matrix. The cycle
  repeats until the solution is self-consistent (as measured by
  the energy change).

  Initial AO density is core.

     Energy of initial guess:      -386.370339327868
     Number of electrons in guess:   16.000000000000

  Iteration    Energy (a.u.)        Delta E (a.u.)
  ------------------------------------------------
    1          -393.002469039690    0.3930E+03
    2          -396.632623876666    0.3630E+01
    3          -397.252207966676    0.6196E+00
    4          -397.367887900605    0.1157E+00
    5          -397.382077715542    0.1419E-01
    6          -397.383375557859    0.1298E-02
    7          -397.383498679231    0.1231E-03
    8          -397.383511544901    0.1287E-04
    9          -397.383513202650    0.1658E-05
   10          -397.383513476653    0.2740E-06
   11          -397.383513531636    0.5498E-07
   12          -397.383513543863    0.1223E-07
   13          -397.383513546705    0.2842E-08
   14          -397.383513547377    0.6716E-09
   15          -397.383513547537    0.1600E-09
   16          -397.383513547575    0.3797E-10
   17          -397.383513547584    0.8981E-11
   18          -397.383513547586    0.2274E-11
   19          -397.383513547586    0.3411E-12
  ------------------------------------------------

  Converged criterion met in  19 iterations!

  Final UHF energetics (a.u.):

     Nuclear repulsion energy:    0.000000000000
     Total electronic energy:  -397.383513547586

     Alpha orbital energies:

       1  -92.053449960700    2   -9.050735830449    3   -6.737056347044
       4   -6.737056347044    5   -6.737056347044    6   -1.020983401878
       7   -0.489653883319    8   -0.489653883319    9   -0.489653883319
      10    0.092866492222   11    0.092866492222   12    0.092866492222
      13    0.098378095214   14    0.247988728994   15    0.247988728994
      16    0.247988728994   17    0.247988728994   18    0.247988728994
      19    0.511497726649   20    0.511497726649   21    0.511497726649
      22    0.672180039116   23    0.672180039116   24    0.672180039116
      25    0.672180039116   26    0.672180039116   27    0.712622420906
      28    0.827130252474   29    0.827130252474   30    0.827130252474
      31    0.827130252474   32    0.827130252474   33    0.827130252474
      34    0.827130252474   35    1.952960020408   36    1.952960020408
      37    1.952960020408   38    1.952960020408   39    1.952960020408
      40    2.276992543662   41    2.276992543662   42    2.276992543662
      43    2.282446734528   44    2.282446734528   45    2.282446734528
      46    2.282446734528   47    2.282446734528   48    2.282446734528
      49    2.282446734528   50    4.054676604842

     Beta orbital energies:

       1  -92.032349374057    2   -9.028262434958    3   -6.697526947743
       4   -6.697526947743    5   -6.697526947743    6   -0.780314368527
       7   -0.124051839459    8   -0.124051839459    9   -0.124051839459
      10    0.103354313328   11    0.106217146074   12    0.106217146074
      13    0.106217146074   14    0.273532307294   15    0.273532307294
      16    0.273532307294   17    0.273532307294   18    0.273532307294
      19    0.564878314891   20    0.564878314891   21    0.564878314891
      22    0.754220872943   23    0.762475477733   24    0.762475477733
      25    0.762475477733   26    0.762475477733   27    0.762475477733
      28    0.846367089046   29    0.846367089046   30    0.846367089046
      31    0.846367089046   32    0.846367089046   33    0.846367089046
      34    0.846367089046   35    2.005252663171   36    2.005252663171
      37    2.005252663171   38    2.005252663171   39    2.005252663171
      40    2.338600557131   41    2.338600557132   42    2.338600557132
      43    2.340847852996   44    2.340847852996   45    2.340847852996
      46    2.340847852996   47    2.340847852996   48    2.340847852996
      49    2.340847852996   50    4.094954140327

  eT terminated successfully!
