


               eT - a coupled cluster program
           S. D. Folkestad, E. F. Kjønstad, 2017-2018



  Initializing UHF wavefunction.

  Requested fractional uniform valence. Valence electrons will be
  distributed evenly in the highest molecular orbitals (if plural).

  :: Direct-integral Hartree-Fock self-consistent field solver
  :: E. F. Kjønstad, S. D. Folkestad, 2018

  A Roothan-Hall self-consistent field solver. In each iteration,
  the Roothan-Hall equation (or equations for unrestricted HF theory)
  are solved to provide the next orbital coefficients. From the new
  orbitals, a new density provides the next Fock matrix. The cycle
  repeats until the solution is self-consistent (as measured by
  the energy change).

  Initial AO density is core.

     Energy of initial guess:      -523.382133891029
     Number of electrons in guess:   18.000000000000

  Iteration    Energy (a.u.)        Delta E (a.u.)
  ------------------------------------------------
    1          -526.687652980923    0.5267E+03
    2          -526.793477848161    0.1058E+00
    3          -526.799520521011    0.6043E-02
    4          -526.799846463051    0.3259E-03
    5          -526.799864280083    0.1782E-04
    6          -526.799865253329    0.9732E-06
    7          -526.799865306650    0.5332E-07
    8          -526.799865309576    0.2926E-08
    9          -526.799865309737    0.1609E-09
   10          -526.799865309746    0.8640E-11
   11          -526.799865309747    0.7958E-12
  ------------------------------------------------

  Converged criterion met in  11 iterations!

  Final UHF energetics (a.u.):

     Nuclear repulsion energy:    0.000000000000
     Total electronic energy:  -526.799865309747

     Alpha orbital energies:

       1 -118.606336439392    2  -12.317825862392    3   -9.566357602125
       4   -9.566357602125    5   -9.566357602125    6   -1.274403566514
       7   -0.588035490942    8   -0.588035490942    9   -0.588035490942
      10    0.797192087378   11    0.797192087378   12    0.797192087378
      13    0.959562976165   14    1.108303171583   15    1.108303171583
      16    1.108303171583   17    1.108303171583   18    1.108303171583


     Beta orbital energies:

       1 -118.606336439392    2  -12.317825862392    3   -9.566357602125
       4   -9.566357602125    5   -9.566357602125    6   -1.274403566514
       7   -0.588035490942    8   -0.588035490942    9   -0.588035490942
      10    0.797192087378   11    0.797192087378   12    0.797192087378
      13    0.959562976165   14    1.108303171583   15    1.108303171583
      16    1.108303171583   17    1.108303171583   18    1.108303171583


  eT terminated successfully!
