


               eT - a coupled cluster program
           S. D. Folkestad, E. F. Kjønstad, 2017-2018



  Initializing UHF wavefunction.

  Requested fractional uniform valence. Valence electrons will be
  distributed evenly in the highest molecular orbitals (if plural).

  :: Direct-integral Hartree-Fock self-consistent field solver
  :: E. F. Kjønstad, S. D. Folkestad, 2018

  A Roothan-Hall self-consistent field solver. In each iteration,
  the Roothan-Hall equation (or equations for unrestricted HF theory)
  are solved to provide the next orbital coefficients. From the new
  orbitals, a new density provides the next Fock matrix. The cycle
  repeats until the solution is self-consistent (as measured by
  the energy change).

  Initial AO density is core.

     Energy of initial guess:       -36.510805162260
     Number of electrons in guess:    6.000000000000

  Iteration    Energy (a.u.)        Delta E (a.u.)
  ------------------------------------------------
    1           -37.513419490278    0.3751E+02
    2           -37.523019147298    0.9600E-02
    3           -37.523374770281    0.3556E-03
    4           -37.523400428696    0.2566E-04
    5           -37.523403044042    0.2615E-05
    6           -37.523403381858    0.3378E-06
    7           -37.523403433708    0.5185E-07
    8           -37.523403442486    0.8779E-08
    9           -37.523403444043    0.1556E-08
   10           -37.523403444324    0.2813E-09
   11           -37.523403444375    0.5124E-10
   12           -37.523403444385    0.9358E-11
   13           -37.523403444386    0.1705E-11
   14           -37.523403444387    0.3340E-12
  ------------------------------------------------

  Converged criterion met in  14 iterations!

  Final UHF energetics (a.u.):

     Nuclear repulsion energy:    0.000000000000
     Total electronic energy:   -37.523403444387

     Alpha orbital energies:

       1  -11.401372889028    2   -0.842924649277    3   -0.281513489956
       4   -0.281513489956    5   -0.281513489956    6    0.645122703070
       7    0.645122703070    8    0.645122703070    9    0.703078543484
      10    1.335609863013   11    1.335609863013   12    1.335609863013
      13    1.335609863013   14    1.335609863013

     Beta orbital energies:

       1  -11.361813868530    2   -0.610990533336    3    0.104997359469
       4    0.104997359469    5    0.104997359469    6    0.756559256229
       7    0.756559256229    8    0.756559256229    9    0.773297390125
      10    1.451062331791   11    1.451062331791   12    1.451062331791
      13    1.451062331791   14    1.451062331791

  eT terminated successfully!
