


               eT - a coupled cluster program
           S. D. Folkestad, E. F. Kjønstad, 2017-2018



  Initializing UHF wavefunction.

  Requested fractional uniform valence. Valence electrons will be
  distributed evenly in the highest molecular orbitals (if plural).

  :: Direct-integral Hartree-Fock self-consistent field solver
  :: E. F. Kjønstad, S. D. Folkestad, 2018

  A Roothan-Hall self-consistent field solver. In each iteration,
  the Roothan-Hall equation (or equations for unrestricted HF theory)
  are solved to provide the next orbital coefficients. From the new
  orbitals, a new density provides the next Fock matrix. The cycle
  repeats until the solution is self-consistent (as measured by
  the energy change).

  Initial AO density is core.

     Energy of initial guess:       -94.993106275044
     Number of electrons in guess:    9.000000000000

  Iteration    Energy (a.u.)        Delta E (a.u.)
  ------------------------------------------------
    1           -98.441106716443    0.9844E+02
    2           -99.001091987657    0.5600E+00
    3           -99.097944751220    0.9685E-01
    4           -99.116135710044    0.1819E-01
    5           -99.119466669030    0.3331E-02
    6           -99.120084342682    0.6177E-03
    7           -99.120198273580    0.1139E-03
    8           -99.120219335050    0.2106E-04
    9           -99.120223224708    0.3890E-05
   10           -99.120223943373    0.7187E-06
   11           -99.120224076139    0.1328E-06
   12           -99.120224100670    0.2453E-07
   13           -99.120224105202    0.4533E-08
   14           -99.120224106040    0.8376E-09
   15           -99.120224106195    0.1548E-09
   16           -99.120224106223    0.2863E-10
   17           -99.120224106229    0.5301E-11
   18           -99.120224106230    0.9521E-12
  ------------------------------------------------

  Converged criterion met in  18 iterations!

  Final UHF energetics (a.u.):

     Nuclear repulsion energy:    0.000000000000
     Total electronic energy:   -99.120224106230

     Alpha orbital energies:

       1  -26.460871694942    2   -1.691152510452    3   -0.784845202601
       4   -0.784845202601    5   -0.784845202601    6    1.341657321336
       7    1.341657321336    8    1.341657321336    9    1.700849873309
      10    3.855935248279   11    3.855935248279   12    3.855935248279
      13    3.855935248279   14    3.855935248279

     Beta orbital energies:

       1  -26.398853011031    2   -1.479978106194    3   -0.412454186958
       4   -0.412454186958    5   -0.412454186958    6    1.441714779540
       7    1.441714779540    8    1.441714779540    9    1.762914600383
      10    3.964701258124   11    3.964701258124   12    3.964701258124
      13    3.964701258124   14    3.964701258124

  eT terminated successfully!
