


               eT - a coupled cluster program
           S. D. Folkestad, E. F. Kjønstad, 2017-2018



  Initializing UHF wavefunction.

  Requested fractional uniform valence. Valence electrons will be
  distributed evenly in the highest molecular orbitals (if plural).

  :: Direct-integral Hartree-Fock self-consistent field solver
  :: E. F. Kjønstad, S. D. Folkestad, 2018

  A Roothan-Hall self-consistent field solver. In each iteration,
  the Roothan-Hall equation (or equations for unrestricted HF theory)
  are solved to provide the next orbital coefficients. From the new
  orbitals, a new density provides the next Fock matrix. The cycle
  repeats until the solution is self-consistent (as measured by
  the energy change).

  Iteration    Energy (a.u.)        Delta E (a.u.)
  ------------------------------------------------
    1           -52.593700648411    0.5259E+02
    2           -54.379957159116    0.1786E+01
    3           -54.390551778288    0.1059E-01
    4           -54.391046975600    0.4952E-03
    5           -54.391104237948    0.5726E-04
    6           -54.391112895779    0.8658E-05
    7           -54.391114288616    0.1393E-05
    8           -54.391114517022    0.2284E-06
    9           -54.391114554724    0.3770E-07
   10           -54.391114560962    0.6238E-08
   11           -54.391114561995    0.1033E-08
   12           -54.391114562166    0.1711E-09
   13           -54.391114562194    0.2834E-10
   14           -54.391114562199    0.4697E-11
   15           -54.391114562200    0.7745E-12
  ------------------------------------------------

  Converged in  15 iterations!

