


               eT - a coupled cluster program
           S. D. Folkestad, E. F. Kjønstad, 2017-2018



  Initializing UHF wavefunction.

  Requested fractional uniform valence. Valence electrons will be
  distributed evenly in the highest molecular orbitals (if plural).

  :: Direct-integral Hartree-Fock self-consistent field solver
  :: E. F. Kjønstad, S. D. Folkestad, 2018

  A Roothan-Hall self-consistent field solver. In each iteration,
  the Roothan-Hall equation (or equations for unrestricted HF theory)
  are solved to provide the next orbital coefficients. From the new
  orbitals, a new density provides the next Fock matrix. The cycle
  repeats until the solution is self-consistent (as measured by
  the energy change).

  Initial AO density is core.

     Energy of initial guess:      -338.884032016945
     Number of electrons in guess:   15.000000000000

  Iteration    Energy (a.u.)        Delta E (a.u.)
  ------------------------------------------------
    1          -340.686881621811    0.3407E+03
    2          -340.707012547818    0.2013E-01
    3          -340.708701963689    0.1689E-02
    4          -340.708985704278    0.2837E-03
    5          -340.709036691566    0.5099E-04
    6          -340.709045980101    0.9289E-05
    7          -340.709047678566    0.1698E-05
    8          -340.709047989459    0.3109E-06
    9          -340.709048046381    0.5692E-07
   10          -340.709048056803    0.1042E-07
   11          -340.709048058711    0.1908E-08
   12          -340.709048059061    0.3496E-09
   13          -340.709048059125    0.6412E-10
   14          -340.709048059136    0.1148E-10
   15          -340.709048059138    0.2160E-11
   16          -340.709048059139    0.3411E-12
  ------------------------------------------------

  Converged criterion met in  16 iterations!

  Final UHF energetics (a.u.):

     Nuclear repulsion energy:    0.000000000000
     Total electronic energy:  -340.709048059139

     Alpha orbital energies:

       1  -79.976315550263    2   -7.518774348709    3   -5.417071363678
       4   -5.417071363678    5   -5.417071363678    6   -0.834066472138
       7   -0.389547732728    8   -0.389547732728    9   -0.389547732728
      10    0.484170436013   11    0.568397856449   12    0.568397856449
      13    0.568397856449   14    0.612451754879   15    0.612451754879
      16    0.612451754879   17    0.612451754879   18    0.612451754879


     Beta orbital energies:

       1  -79.957020967677    2   -7.496942517069    3   -5.378447978575
       4   -5.378447978575    5   -5.378447978575    6   -0.554230034302
       7    0.064899325105    8    0.064899325105    9    0.064899325105
      10    0.552752150041   11    0.669070912965   12    0.669070912965
      13    0.669070912965   14    0.768386575691   15    0.768386575691
      16    0.768386575691   17    0.768386575691   18    0.768386575691


  eT terminated successfully!
