


               eT - a coupled cluster program
           S. D. Folkestad, E. F. Kjønstad, 2017-2018



  Initializing UHF wavefunction.

  Requested fractional uniform valence. Valence electrons will be
  distributed evenly in the highest molecular orbitals (if plural).

  :: Direct-integral Hartree-Fock self-consistent field solver
  :: E. F. Kjønstad, S. D. Folkestad, 2018

  A Roothan-Hall self-consistent field solver. In each iteration,
  the Roothan-Hall equation (or equations for unrestricted HF theory)
  are solved to provide the next orbital coefficients. From the new
  orbitals, a new density provides the next Fock matrix. The cycle
  repeats until the solution is self-consistent (as measured by
  the energy change).

  Initial AO density is core.

     Energy of initial guess:      -394.908455264708
     Number of electrons in guess:   16.000000000000

  Iteration    Energy (a.u.)        Delta E (a.u.)
  ------------------------------------------------
    1          -397.317808481051    0.3973E+03
    2          -397.364869841144    0.4706E-01
    3          -397.367168868785    0.2299E-02
    4          -397.367363493407    0.1946E-03
    5          -397.367391437906    0.2794E-04
    6          -397.367396452339    0.5014E-05
    7          -397.367397406969    0.9546E-06
    8          -397.367397591105    0.1841E-06
    9          -397.367397626723    0.3562E-07
   10          -397.367397633618    0.6894E-08
   11          -397.367397634952    0.1335E-08
   12          -397.367397635211    0.2585E-09
   13          -397.367397635261    0.5019E-10
   14          -397.367397635270    0.9493E-11
   15          -397.367397635272    0.1819E-11
   16          -397.367397635273    0.5116E-12
  ------------------------------------------------

  Converged criterion met in  16 iterations!

  Final UHF energetics (a.u.):

     Nuclear repulsion energy:    0.000000000000
     Total electronic energy:  -397.367397635273

     Alpha orbital energies:

       1  -92.032945027517    2   -9.029924913678    3   -6.715881260714
       4   -6.715881260714    5   -6.715881260714    6   -0.998856615456
       7   -0.469482833279    8   -0.469482833279    9   -0.469482833279
      10    0.617843499531   11    0.641063770693   12    0.641063770693
      13    0.641063770693   14    0.746368064055   15    0.746368064055
      16    0.746368064055   17    0.746368064055   18    0.746368064055


     Beta orbital energies:

       1  -92.013084913107    2   -9.008632207130    3   -6.678948887516
       4   -6.678948887516    5   -6.678948887516    6   -0.771466320765
       7   -0.110275527008    8   -0.110275527008    9   -0.110275527008
      10    0.668536112184   11    0.719524178062   12    0.719524178062
      13    0.719524178062   14    0.869940901315   15    0.869940901315
      16    0.869940901315   17    0.869940901315   18    0.869940901315


  eT terminated successfully!
