


               eT - a coupled cluster program
           S. D. Folkestad, E. F. Kjønstad, 2017-2018



  Initializing UHF wavefunction.

  Requested fractional uniform valence. Valence electrons will be
  distributed evenly in the highest molecular orbitals (if plural).

  :: Direct-integral Hartree-Fock self-consistent field solver
  :: E. F. Kjønstad, S. D. Folkestad, 2018

  A Roothan-Hall self-consistent field solver. In each iteration,
  the Roothan-Hall equation (or equations for unrestricted HF theory)
  are solved to provide the next orbital coefficients. From the new
  orbitals, a new density provides the next Fock matrix. The cycle
  repeats until the solution is self-consistent (as measured by
  the energy change).

  Initial AO density is core.

     Energy of initial guess:      -287.447388472827
     Number of electrons in guess:   14.000000000000

  Iteration    Energy (a.u.)        Delta E (a.u.)
  ------------------------------------------------
    1          -288.737175909241    0.2887E+03
    2          -288.747807198987    0.1063E-01
    3          -288.748624348527    0.8171E-03
    4          -288.748725644835    0.1013E-03
    5          -288.748741281058    0.1564E-04
    6          -288.748744024123    0.2743E-05
    7          -288.748744536387    0.5123E-06
    8          -288.748744634674    0.9829E-07
    9          -288.748744653741    0.1907E-07
   10          -288.748744657456    0.3715E-08
   11          -288.748744658181    0.7252E-09
   12          -288.748744658322    0.1415E-09
   13          -288.748744658350    0.2780E-10
   14          -288.748744658355    0.5343E-11
   15          -288.748744658356    0.9663E-12
  ------------------------------------------------

  Converged criterion met in  15 iterations!

  Final UHF energetics (a.u.):

     Nuclear repulsion energy:    0.000000000000
     Total electronic energy:  -288.748744658356

     Alpha orbital energies:

       1  -68.841097508398    2   -6.182050847189    3   -4.285483397253
       4   -4.285483397253    5   -4.285483397253    6   -0.623412820657
       7   -0.202071531696    8   -0.202071531696    9   -0.202071531696
      10    0.362919094985   11    0.450639858033   12    0.450639858033
      13    0.450639858033   14    0.501587178786   15    0.501587178786
      16    0.501587178786   17    0.501587178786   18    0.501587178786


     Beta orbital energies:

       1  -68.833243856978    2   -6.172703064017    3   -4.268192822218
       4   -4.268192822218    5   -4.268192822218    6   -0.474559049400
       7    0.049056720506    8    0.049056720506    9    0.049056720506
      10    0.403142515290   11    0.505422933945   12    0.505422933945
      13    0.505422933945   14    0.587254430372   15    0.587254430372
      16    0.587254430372   17    0.587254430372   18    0.587254430372


  eT terminated successfully!
