


               eT - a coupled cluster program
           S. D. Folkestad, E. F. Kjønstad, 2017-2018



  Initializing UHF wavefunction.

  Requested fractional uniform valence. Valence electrons will be
  distributed evenly in the highest molecular orbitals (if plural).

  :: Direct-integral Hartree-Fock self-consistent field solver
  :: E. F. Kjønstad, S. D. Folkestad, 2018

  A Roothan-Hall self-consistent field solver. In each iteration,
  the Roothan-Hall equation (or equations for unrestricted HF theory)
  are solved to provide the next orbital coefficients. From the new
  orbitals, a new density provides the next Fock matrix. The cycle
  repeats until the solution is self-consistent (as measured by
  the energy change).

  Initial AO density is core.

     Energy of initial guess:      -511.139030489435
     Number of electrons in guess:   18.000000000000

  Iteration    Energy (a.u.)        Delta E (a.u.)
  ------------------------------------------------
    1          -522.293783407755    0.5223E+03
    2          -526.127048037124    0.3833E+01
    3          -526.750770484058    0.6237E+00
    4          -526.808150284170    0.5738E-01
    5          -526.812749287250    0.4599E-02
    6          -526.813104097550    0.3548E-03
    7          -526.813131505816    0.2741E-04
    8          -526.813133622817    0.2117E-05
    9          -526.813133786427    0.1636E-06
   10          -526.813133799073    0.1265E-07
   11          -526.813133800050    0.9775E-09
   12          -526.813133800126    0.7560E-10
   13          -526.813133800132    0.5798E-11
   14          -526.813133800132    0.4547E-12
  ------------------------------------------------

  Converged criterion met in  14 iterations!

  Final UHF energetics (a.u.):

     Nuclear repulsion energy:    0.000000000000
     Total electronic energy:  -526.813133800132

     Alpha orbital energies:

       1 -118.609295359840    2  -12.320986261913    3   -9.569924053772
       4   -9.569924053772    5   -9.569924053772    6   -1.276498482203
       7   -0.590136882694    8   -0.590136882694    9   -0.590136882694
      10    0.550160367449   11    0.550160367449   12    0.550160367449
      13    0.706785410708   14    0.728879708776   15    0.728879708776
      16    0.728879708776   17    0.728879708776   18    0.728879708776
      19    2.547353568891   20    2.547353568891   21    2.547353568891
      22    2.547353568891   23    2.547353568891   24    2.908481620211
      25    2.908481620211   26    2.908481620211   27    2.924463026216
      28    2.924463026216   29    2.924463026216   30    2.924463026216
      31    2.924463026216   32    2.924463026216   33    2.924463026216
      34    5.402748350526

     Beta orbital energies:

       1 -118.609295359840    2  -12.320986261913    3   -9.569924053772
       4   -9.569924053772    5   -9.569924053772    6   -1.276498482203
       7   -0.590136882694    8   -0.590136882694    9   -0.590136882694
      10    0.550160367449   11    0.550160367449   12    0.550160367449
      13    0.706785410708   14    0.728879708776   15    0.728879708776
      16    0.728879708776   17    0.728879708776   18    0.728879708776
      19    2.547353568891   20    2.547353568891   21    2.547353568891
      22    2.547353568891   23    2.547353568891   24    2.908481620211
      25    2.908481620211   26    2.908481620211   27    2.924463026216
      28    2.924463026216   29    2.924463026216   30    2.924463026216
      31    2.924463026216   32    2.924463026216   33    2.924463026216
      34    5.402748350526

  eT terminated successfully!
