


               eT - a coupled cluster program
           S. D. Folkestad, E. F. Kjønstad, 2017-2018



  Initializing UHF wavefunction.

  Requested fractional uniform valence. Valence electrons will be
  distributed evenly in the highest molecular orbitals (if plural).

  :: Direct-integral Hartree-Fock self-consistent field solver
  :: E. F. Kjønstad, S. D. Folkestad, 2018

  A Roothan-Hall self-consistent field solver. In each iteration,
  the Roothan-Hall equation (or equations for unrestricted HF theory)
  are solved to provide the next orbital coefficients. From the new
  orbitals, a new density provides the next Fock matrix. The cycle
  repeats until the solution is self-consistent (as measured by
  the energy change).

  Initial AO density is core.

     Energy of initial guess:      -446.358060393458
     Number of electrons in guess:   17.000000000000

  Iteration    Energy (a.u.)        Delta E (a.u.)
  ------------------------------------------------
    1          -456.224373098677    0.4562E+03
    2          -458.899199767297    0.2675E+01
    3          -459.296466151422    0.3973E+00
    4          -459.331907981641    0.3544E-01
    5          -459.334748316998    0.2840E-02
    6          -459.334973663956    0.2253E-03
    7          -459.334992723605    0.1906E-04
    8          -459.334994604540    0.1881E-05
    9          -459.334994850388    0.2458E-06
   10          -459.334994893926    0.4354E-07
   11          -459.334994903275    0.9349E-08
   12          -459.334994905456    0.2181E-08
   13          -459.334994905980    0.5240E-09
   14          -459.334994906106    0.1267E-09
   15          -459.334994906137    0.3104E-10
   16          -459.334994906145    0.7560E-11
   17          -459.334994906147    0.1933E-11
   18          -459.334994906147    0.2274E-12
  ------------------------------------------------

  Converged criterion met in  18 iterations!

  Final UHF energetics (a.u.):

     Nuclear repulsion energy:    0.000000000000
     Total electronic energy:  -459.334994906147

     Alpha orbital energies:

       1 -104.916572338455    2  -10.636708917902    3   -8.106386663963
       4   -8.106386663963    5   -8.106386663963    6   -1.152367444975
       7   -0.542738556776    8   -0.542738556776    9   -0.542738556776
      10    0.462954498303   11    0.462954498303   12    0.462954498303
      13    0.572483833222   14    0.602322336561   15    0.602322336561
      16    0.602322336561   17    0.602322336561   18    0.602322336561
      19    2.171684468356   20    2.171684468356   21    2.171684468356
      22    2.171684468356   23    2.171684468356   24    2.340283484126
      25    2.340283484126   26    2.340283484126   27    2.340283484126
      28    2.340283484126   29    2.340283484126   30    2.340283484126
      31    2.495190848093   32    2.495190848093   33    2.495190848093
      34    4.448545295272

     Beta orbital energies:

       1 -104.902757269546    2  -10.622593809872    3   -8.081746425914
       4   -8.081746425914    5   -8.081746425914    6   -1.015336841033
       7   -0.331153232023    8   -0.331153232023    9   -0.331153232023
      10    0.492531809771   11    0.492531809771   12    0.492531809771
      13    0.594127422472   14    0.661071471720   15    0.661071471720
      16    0.661071471720   17    0.661071471720   18    0.661071471720
      19    2.206439448304   20    2.206439448304   21    2.206439448304
      22    2.206439448304   23    2.206439448304   24    2.378775960872
      25    2.378775960872   26    2.378775960872   27    2.378775960872
      28    2.378775960872   29    2.378775960872   30    2.378775960872
      31    2.533368922753   32    2.533368922753   33    2.533368922753
      34    4.475115878723

  eT terminated successfully!
