


               eT - a coupled cluster program
           S. D. Folkestad, E. F. Kjønstad, 2017-2018



  Initializing UHF wavefunction.

  Requested fractional uniform valence. Valence electrons will be
  distributed evenly in the highest molecular orbitals (if plural).

  :: Direct-integral Hartree-Fock self-consistent field solver
  :: E. F. Kjønstad, S. D. Folkestad, 2018

  A Roothan-Hall self-consistent field solver. In each iteration,
  the Roothan-Hall equation (or equations for unrestricted HF theory)
  are solved to provide the next orbital coefficients. From the new
  orbitals, a new density provides the next Fock matrix. The cycle
  repeats until the solution is self-consistent (as measured by
  the energy change).

  Initial AO density is core.

     Energy of initial guess:        -7.133116567638
     Number of electrons in guess:    3.000000000000

  Iteration    Energy (a.u.)        Delta E (a.u.)
  ------------------------------------------------
    1            -7.420146596521    0.7420E+01
    2            -7.430016936830    0.9870E-02
    3            -7.432063583154    0.2047E-02
    4            -7.432549780905    0.4862E-03
    5            -7.432665744459    0.1160E-03
    6            -7.432693395083    0.2765E-04
    7            -7.432699987480    0.6592E-05
    8            -7.432701559198    0.1572E-05
    9            -7.432701933918    0.3747E-06
   10            -7.432702023257    0.8934E-07
   11            -7.432702044557    0.2130E-07
   12            -7.432702049635    0.5078E-08
   13            -7.432702050846    0.1211E-08
   14            -7.432702051134    0.2887E-09
   15            -7.432702051203    0.6881E-10
   16            -7.432702051219    0.1641E-10
   17            -7.432702051223    0.3916E-11
   18            -7.432702051224    0.9290E-12
  ------------------------------------------------

  Converged criterion met in  18 iterations!

  Final UHF energetics (a.u.):

     Nuclear repulsion energy:    0.000000000000
     Total electronic energy:    -7.432702051224

     Alpha orbital energies:

       1   -2.486598265587    2   -0.196352416801    3    0.021527890986
       4    0.021527890986    5    0.021527890986    6    0.110627412179
       7    0.110627412179    8    0.110627412179    9    0.126545531634
      10    0.219177670496   11    0.219177670496   12    0.219177670496
      13    0.219177670496   14    0.219177670496   15    0.452176781387
      16    0.452176781387   17    0.452176781387   18    0.721738929181
      19    0.721738929181   20    0.721738929181   21    0.721738929181
      22    0.721738929181   23    0.744201083707   24    0.744201083707
      25    0.744201083707   26    0.744201083707   27    0.744201083707
      28    0.744201083707   29    0.744201083707   30    2.632820685886


     Beta orbital energies:

       1   -2.468758927968    2    0.020363992446    3    0.041364259113
       4    0.041364259113    5    0.041364259113    6    0.144539356700
       7    0.144539356700    8    0.144539356700    9    0.172463287775
      10    0.237260683133   11    0.237260683133   12    0.237260683133
      13    0.237260683133   14    0.237260683133   15    0.466942371102
      16    0.466942371102   17    0.466942371102   18    0.738586892440
      19    0.738586892440   20    0.738586892440   21    0.738586892440
      22    0.738586892440   23    0.759131004078   24    0.759131004078
      25    0.759131004078   26    0.759131004078   27    0.759131004078
      28    0.759131004078   29    0.759131004078   30    2.655899645848


  eT terminated successfully!
