


               eT - a coupled cluster program
           S. D. Folkestad, E. F. Kjønstad, 2017-2018



  Initializing UHF wavefunction.

  Requested fractional uniform valence. Valence electrons will be
  distributed evenly in the highest molecular orbitals (if plural).

  :: Direct-integral Hartree-Fock self-consistent field solver
  :: E. F. Kjønstad, S. D. Folkestad, 2018

  A Roothan-Hall self-consistent field solver. In each iteration,
  the Roothan-Hall equation (or equations for unrestricted HF theory)
  are solved to provide the next orbital coefficients. From the new
  orbitals, a new density provides the next Fock matrix. The cycle
  repeats until the solution is self-consistent (as measured by
  the energy change).

  Initial AO density is core.

     Energy of initial guess:      -386.699353530604
     Number of electrons in guess:   16.000000000000

  Iteration    Energy (a.u.)        Delta E (a.u.)
  ------------------------------------------------
    1          -395.375555717780    0.3954E+03
    2          -397.166671836652    0.1791E+01
    3          -397.365050015650    0.1984E+00
    4          -397.379167687596    0.1412E-01
    5          -397.380136203876    0.9685E-03
    6          -397.380207591596    0.7139E-04
    7          -397.380214249082    0.6657E-05
    8          -397.380215128701    0.8796E-06
    9          -397.380215283737    0.1550E-06
   10          -397.380215315124    0.3139E-07
   11          -397.380215321799    0.6675E-08
   12          -397.380215323241    0.1442E-08
   13          -397.380215323554    0.3126E-09
   14          -397.380215323621    0.6770E-10
   15          -397.380215323636    0.1489E-10
   16          -397.380215323640    0.3354E-11
   17          -397.380215323640    0.6821E-12
  ------------------------------------------------

  Converged criterion met in  17 iterations!

  Final UHF energetics (a.u.):

     Nuclear repulsion energy:    0.000000000000
     Total electronic energy:  -397.380215323640

     Alpha orbital energies:

       1  -92.039295348582    2   -9.037526616039    3   -6.723629176132
       4   -6.723629176132    5   -6.723629176132    6   -1.008174216424
       7   -0.478268133410    8   -0.478268133410    9   -0.478268133410
      10    0.399391557053   11    0.399391557053   12    0.399391557053
      13    0.457635266872   14    0.479741084509   15    0.479741084509
      16    0.479741084509   17    0.479741084509   18    0.479741084509
      19    1.760414895393   20    1.760414895393   21    1.760414895393
      22    1.760414895393   23    1.760414895393   24    1.869009153667
      25    1.869009153667   26    1.869009153667   27    1.869009153667
      28    1.869009153667   29    1.869009153667   30    1.869009153667
      31    2.193211514609   32    2.193211514609   33    2.193211514609
      34    3.600390057180

     Beta orbital energies:

       1  -92.018963986606    2   -9.015859259221    3   -6.685412483465
       4   -6.685412483465    5   -6.685412483465    6   -0.774322938646
       7   -0.116753368556    8   -0.116753368556    9   -0.116753368556
      10    0.458297703711   11    0.458297703711   12    0.458297703711
      13    0.498464506436   14    0.580203707670   15    0.580203707670
      16    0.580203707670   17    0.580203707670   18    0.580203707670
      19    1.821700299427   20    1.821700299427   21    1.821700299427
      22    1.821700299427   23    1.821700299427   24    1.934992487923
      25    1.934992487923   26    1.934992487923   27    1.934992487923
      28    1.934992487923   29    1.934992487923   30    1.934992487923
      31    2.255680960376   32    2.255680960376   33    2.255680960376
      34    3.643298742039

  eT terminated successfully!
