


               eT - a coupled cluster program
           S. D. Folkestad, E. F. Kjønstad, 2017-2018



  Initializing UHF wavefunction.

  Requested fractional uniform valence. Valence electrons will be
  distributed evenly in the highest molecular orbitals (if plural).

  :: Direct-integral Hartree-Fock self-consistent field solver
  :: E. F. Kjønstad, S. D. Folkestad, 2018

  A Roothan-Hall self-consistent field solver. In each iteration,
  the Roothan-Hall equation (or equations for unrestricted HF theory)
  are solved to provide the next orbital coefficients. From the new
  orbitals, a new density provides the next Fock matrix. The cycle
  repeats until the solution is self-consistent (as measured by
  the energy change).

  Initial AO density is core.

     Energy of initial guess:      -279.489407232878
     Number of electrons in guess:   14.000000000000

  Iteration    Energy (a.u.)        Delta E (a.u.)
  ------------------------------------------------
    1          -287.578566321100    0.2876E+03
    2          -288.698640639802    0.1120E+01
    3          -288.752915023402    0.5427E-01
    4          -288.754808896358    0.1894E-02
    5          -288.754889248016    0.8035E-04
    6          -288.754895071132    0.5823E-05
    7          -288.754895906660    0.8355E-06
    8          -288.754896068465    0.1618E-06
    9          -288.754896102026    0.3356E-07
   10          -288.754896109078    0.7052E-08
   11          -288.754896110564    0.1486E-08
   12          -288.754896110877    0.3130E-09
   13          -288.754896110943    0.6588E-10
   14          -288.754896110957    0.1410E-10
   15          -288.754896110960    0.2842E-11
   16          -288.754896110961    0.5684E-12
  ------------------------------------------------

  Converged criterion met in  16 iterations!

  Final UHF energetics (a.u.):

     Nuclear repulsion energy:    0.000000000000
     Total electronic energy:  -288.754896110961

     Alpha orbital energies:

       1  -68.842663705275    2   -6.184595522932    3   -4.288286873852
       4   -4.288286873852    5   -4.288286873852    6   -0.624922143904
       7   -0.203928506361    8   -0.203928506361    9   -0.203928506361
      10    0.278747742750   11    0.322514080761   12    0.322514080761
      13    0.322514080761   14    0.322514080761   15    0.322514080761
      16    0.365482599752   17    0.365482599752   18    0.365482599752
      19    1.164222510915   20    1.164222510915   21    1.164222510915
      22    1.164222510915   23    1.164222510915   24    1.179975991884
      25    1.179975991884   26    1.179975991884   27    1.179975991884
      28    1.179975991884   29    1.179975991884   30    1.179975991884
      31    2.189438927494   32    2.427429986353   33    2.427429986353
      34    2.427429986353

     Beta orbital energies:

       1  -68.834291186892    2   -6.175311228871    3   -4.269812932551
       4   -4.269812932551    5   -4.269812932551    6   -0.477528827888
       7    0.043538722794    8    0.043538722794    9    0.043538722794
      10    0.315207574242   11    0.396363522104   12    0.396363522104
      13    0.396363522104   14    0.396363522104   15    0.396363522104
      16    0.417957588296   17    0.417957588296   18    0.417957588296
      19    1.202062156654   20    1.202062156654   21    1.202062156654
      22    1.202062156654   23    1.202062156654   24    1.225341704747
      25    1.225341704747   26    1.225341704747   27    1.225341704747
      28    1.225341704747   29    1.225341704747   30    1.225341704747
      31    2.212353940715   32    2.457059304478   33    2.457059304478
      34    2.457059304478

  eT terminated successfully!
