


               eT - a coupled cluster program
           S. D. Folkestad, E. F. Kjønstad, 2017-2018



  Initializing UHF wavefunction.

  Requested fractional uniform valence. Valence electrons will be
  distributed evenly in the highest molecular orbitals (if plural).

  :: Direct-integral Hartree-Fock self-consistent field solver
  :: E. F. Kjønstad, S. D. Folkestad, 2018

  A Roothan-Hall self-consistent field solver. In each iteration,
  the Roothan-Hall equation (or equations for unrestricted HF theory)
  are solved to provide the next orbital coefficients. From the new
  orbitals, a new density provides the next Fock matrix. The cycle
  repeats until the solution is self-consistent (as measured by
  the energy change).

  Iteration    Energy (a.u.)        Delta E (a.u.)
  ------------------------------------------------
    1            -2.550667901660    0.2551E+01
    2            -2.858972278696    0.3083E+00
    3            -2.861579418186    0.2607E-02
    4            -2.861623425349    0.4401E-04
    5            -2.861624779298    0.1354E-05
    6            -2.861624832257    0.5296E-07
    7            -2.861624834482    0.2225E-08
    8            -2.861624834578    0.9537E-10
    9            -2.861624834582    0.4110E-11
   10            -2.861624834582    0.1772E-12
  ------------------------------------------------

  Converged in  10 iterations!

