


               eT - a coupled cluster program
           S. D. Folkestad, E. F. Kjønstad, 2017-2018



  Initializing UHF wavefunction.

  Requested fractional uniform valence. Valence electrons will be
  distributed evenly in the highest molecular orbitals (if plural).

  :: Direct-integral Hartree-Fock self-consistent field solver
  :: E. F. Kjønstad, S. D. Folkestad, 2018

  A Roothan-Hall self-consistent field solver. In each iteration,
  the Roothan-Hall equation (or equations for unrestricted HF theory)
  are solved to provide the next orbital coefficients. From the new
  orbitals, a new density provides the next Fock matrix. The cycle
  repeats until the solution is self-consistent (as measured by
  the energy change).

  Iteration    Energy (a.u.)        Delta E (a.u.)
  ------------------------------------------------
    1           -45.824871709930    0.4582E+02
    2           -51.637663808500    0.5813E+01
    3           -54.067536904082    0.2430E+01
    4           -54.393894417626    0.3264E+00
    5           -54.404067110470    0.1017E-01
    6           -54.404418538728    0.3514E-03
    7           -54.404438677262    0.2014E-04
    8           -54.404441168707    0.2491E-05
    9           -54.404441621893    0.4532E-06
   10           -54.404441714376    0.9248E-07
   11           -54.404441733873    0.1950E-07
   12           -54.404441738025    0.4152E-08
   13           -54.404441738912    0.8868E-09
   14           -54.404441739101    0.1897E-09
   15           -54.404441739142    0.4054E-10
   16           -54.404441739151    0.8704E-11
   17           -54.404441739152    0.1776E-11
   18           -54.404441739153    0.4690E-12
  ------------------------------------------------

  Converged in  18 iterations!

