


               eT - a coupled cluster program
           S. D. Folkestad, E. F. Kjønstad, 2017-2018



  Initializing UHF wavefunction.

  Requested fractional uniform valence. Valence electrons will be
  distributed evenly in the highest molecular orbitals (if plural).

  :: Direct-integral Hartree-Fock self-consistent field solver
  :: E. F. Kjønstad, S. D. Folkestad, 2018

  A Roothan-Hall self-consistent field solver. In each iteration,
  the Roothan-Hall equation (or equations for unrestricted HF theory)
  are solved to provide the next orbital coefficients. From the new
  orbitals, a new density provides the next Fock matrix. The cycle
  repeats until the solution is self-consistent (as measured by
  the energy change).

  Initial AO density is core.

     Energy of initial guess:      -510.795164863413
     Number of electrons in guess:   18.000000000000

  Iteration    Energy (a.u.)        Delta E (a.u.)
  ------------------------------------------------
    1          -516.963925592657    0.5170E+03
    2          -524.883823120016    0.7920E+01
    3          -526.522521769123    0.1639E+01
    4          -526.784176141050    0.2617E+00
    5          -526.810994098663    0.2682E-01
    6          -526.813164304404    0.2170E-02
    7          -526.813337342137    0.1730E-03
    8          -526.813350995581    0.1365E-04
    9          -526.813352074497    0.1079E-05
   10          -526.813352159844    0.8535E-07
   11          -526.813352166604    0.6760E-08
   12          -526.813352167140    0.5360E-09
   13          -526.813352167182    0.4241E-10
   14          -526.813352167186    0.3638E-11
   15          -526.813352167186    0.2274E-12
  ------------------------------------------------

  Converged criterion met in  15 iterations!

  Final UHF energetics (a.u.):

     Nuclear repulsion energy:    0.000000000000
     Total electronic energy:  -526.813352167186

     Alpha orbital energies:

       1 -118.612069311061    2  -12.323163639120    3   -9.572135276261
       4   -9.572135276261    5   -9.572135276261    6   -1.277886610460
       7   -0.591366817179    8   -0.591366817179    9   -0.591366817179
      10    0.129759808494   11    0.129759808494   12    0.129759808494
      13    0.145354335135   14    0.408921503600   15    0.408921503600
      16    0.408921503600   17    0.408921503600   18    0.408921503600
      19    0.710216191038   20    0.710216191038   21    0.710216191038
      22    1.061832713757   23    1.061832713757   24    1.061832713757
      25    1.061832713757   26    1.061832713757   27    1.065402924136
      28    1.487011944899   29    1.487011944899   30    1.487011944899
      31    1.487011944899   32    1.487011944899   33    1.487011944899
      34    1.487011944899   35    2.909339398284   36    2.909339398284
      37    2.909339398284   38    2.909339398284   39    2.909339398284
      40    3.036842881658   41    3.036842881658   42    3.036842881658
      43    3.782429218067   44    3.782429218067   45    3.782429218067
      46    3.782429218067   47    3.782429218067   48    3.782429218067
      49    3.782429218067   50    6.012121115899

     Beta orbital energies:

       1 -118.612069311062    2  -12.323163639120    3   -9.572135276261
       4   -9.572135276261    5   -9.572135276261    6   -1.277886610460
       7   -0.591366817179    8   -0.591366817179    9   -0.591366817179
      10    0.129759808494   11    0.129759808494   12    0.129759808494
      13    0.145354335135   14    0.408921503600   15    0.408921503600
      16    0.408921503600   17    0.408921503600   18    0.408921503600
      19    0.710216191038   20    0.710216191038   21    0.710216191038
      22    1.061832713757   23    1.061832713757   24    1.061832713757
      25    1.061832713757   26    1.061832713757   27    1.065402924136
      28    1.487011944899   29    1.487011944899   30    1.487011944899
      31    1.487011944899   32    1.487011944899   33    1.487011944899
      34    1.487011944899   35    2.909339398284   36    2.909339398284
      37    2.909339398284   38    2.909339398284   39    2.909339398284
      40    3.036842881658   41    3.036842881658   42    3.036842881658
      43    3.782429218067   44    3.782429218067   45    3.782429218067
      46    3.782429218067   47    3.782429218067   48    3.782429218067
      49    3.782429218067   50    6.012121115900

  eT terminated successfully!
