


               eT - a coupled cluster program
           S. D. Folkestad, E. F. Kjønstad, 2017-2018



  Initializing UHF wavefunction.

  Requested fractional uniform valence. Valence electrons will be
  distributed evenly in the highest molecular orbitals (if plural).

  :: Direct-integral Hartree-Fock self-consistent field solver
  :: E. F. Kjønstad, S. D. Folkestad, 2018

  A Roothan-Hall self-consistent field solver. In each iteration,
  the Roothan-Hall equation (or equations for unrestricted HF theory)
  are solved to provide the next orbital coefficients. From the new
  orbitals, a new density provides the next Fock matrix. The cycle
  repeats until the solution is self-consistent (as measured by
  the energy change).

  Initial AO density is core.

     Energy of initial guess:       -22.771029214169
     Number of electrons in guess:    5.000000000000

  Iteration    Energy (a.u.)        Delta E (a.u.)
  ------------------------------------------------
    1           -24.255572278103    0.2426E+02
    2           -24.394847973025    0.1393E+00
    3           -24.413305180479    0.1846E-01
    4           -24.414099233987    0.7941E-03
    5           -24.414163841255    0.6461E-04
    6           -24.414174737350    0.1090E-04
    7           -24.414177169422    0.2432E-05
    8           -24.414177744249    0.5748E-06
    9           -24.414177882187    0.1379E-06
   10           -24.414177915488    0.3330E-07
   11           -24.414177923552    0.8064E-08
   12           -24.414177925509    0.1956E-08
   13           -24.414177925983    0.4749E-09
   14           -24.414177926099    0.1154E-09
   15           -24.414177926127    0.2796E-10
   16           -24.414177926134    0.6839E-11
   17           -24.414177926135    0.1648E-11
   18           -24.414177926136    0.4086E-12
  ------------------------------------------------

  Converged criterion met in  18 iterations!

  Final UHF energetics (a.u.):

     Nuclear repulsion energy:    0.000000000000
     Total electronic energy:   -24.414177926136

     Alpha orbital energies:

       1   -7.778336139043    2   -0.573771491850    3   -0.088281521126
       4   -0.088281521126    5   -0.088281521126    6    0.056833254462
       7    0.063020804966    8    0.063020804966    9    0.063020804966
      10    0.179271876604   11    0.179271876604   12    0.179271876604
      13    0.179271876604   14    0.179271876604   15    0.355208719969
      16    0.355208719969   17    0.355208719969   18    0.481694438204
      19    0.637664006464   20    0.637664006464   21    0.637664006464
      22    0.637664006464   23    0.637664006464   24    0.656990512292
      25    0.656990512292   26    0.656990512292   27    0.656990512292
      28    0.656990512292   29    0.656990512292   30    0.656990512292
      31    1.498253683691   32    1.498253683691   33    1.498253683691
      34    2.078802703000   35    2.078802703000   36    2.078802703000
      37    2.078802703000   38    2.078802703000   39    2.175952588672
      40    2.175952588672   41    2.175952588672   42    2.175952588672
      43    2.175952588672   44    2.175952588672   45    2.175952588672
      46    3.125485811622

     Beta orbital energies:

       1   -7.770497472273    2   -0.499162030093    3    0.024606045207
       4    0.024606045207    5    0.024606045207    6    0.065945533754
       7    0.085960526076    8    0.085960526076    9    0.085960526076
      10    0.190109340474   11    0.190109340474   12    0.190109340474
      13    0.190109340474   14    0.190109340474   15    0.382360752342
      16    0.382360752342   17    0.382360752342   18    0.500419789547
      19    0.664649963416   20    0.664649963416   21    0.664649963416
      22    0.664649963416   23    0.664649963416   24    0.668218523042
      25    0.668218523042   26    0.668218523042   27    0.668218523042
      28    0.668218523042   29    0.668218523042   30    0.668218523042
      31    1.520768417237   32    1.520768417237   33    1.520768417237
      34    2.103200130393   35    2.103200130393   36    2.103200130393
      37    2.103200130393   38    2.103200130393   39    2.192891049596
      40    2.192891049596   41    2.192891049596   42    2.192891049596
      43    2.192891049596   44    2.192891049596   45    2.192891049596
      46    3.138674344089

  eT terminated successfully!
