


               eT - a coupled cluster program
           S. D. Folkestad, E. F. Kjønstad, 2017-2018



  Initializing UHF wavefunction.

  Requested fractional uniform valence. Valence electrons will be
  distributed evenly in the highest molecular orbitals (if plural).

  :: Direct-integral Hartree-Fock self-consistent field solver
  :: E. F. Kjønstad, S. D. Folkestad, 2018

  A Roothan-Hall self-consistent field solver. In each iteration,
  the Roothan-Hall equation (or equations for unrestricted HF theory)
  are solved to provide the next orbital coefficients. From the new
  orbitals, a new density provides the next Fock matrix. The cycle
  repeats until the solution is self-consistent (as measured by
  the energy change).

  Initial AO density is core.

     Energy of initial guess:       -13.906154722069
     Number of electrons in guess:    4.000000000000

  Iteration    Energy (a.u.)        Delta E (a.u.)
  ------------------------------------------------
    1           -14.560953864493    0.1456E+02
    2           -14.572352956126    0.1140E-01
    3           -14.572847041044    0.4941E-03
    4           -14.572873689631    0.2665E-04
    5           -14.572875241347    0.1552E-05
    6           -14.572875335940    0.9459E-07
    7           -14.572875342017    0.6077E-08
    8           -14.572875342436    0.4192E-09
    9           -14.572875342467    0.3158E-10
   10           -14.572875342470    0.2606E-11
   11           -14.572875342470    0.2309E-12
  ------------------------------------------------

  Converged criterion met in  11 iterations!

  Final UHF energetics (a.u.):

     Nuclear repulsion energy:    0.000000000000
     Total electronic energy:   -14.572875342470

     Alpha orbital energies:

       1   -4.732681725053    2   -0.309277323392    3    0.014546860500
       4    0.014546860500    5    0.014546860500    6    0.035227937151
       7    0.059121132019    8    0.059121132019    9    0.059121132019
      10    0.193787544586   11    0.193787544586   12    0.193787544586
      13    0.193787544586   14    0.193787544586   15    0.264643573986
      16    0.264643573986   17    0.264643573986   18    0.267167565958
      19    0.600183234341   20    0.600183234341   21    0.600183234341
      22    0.600183234341   23    0.600183234341   24    0.600183234341
      25    0.600183234341   26    0.618364868546   27    0.618364868546
      28    0.618364868546   29    0.618364868546   30    0.618364868546
      31    1.010642098590   32    1.010642098590   33    1.010642098590
      34    1.519389810496   35    1.519389810496   36    1.519389810496
      37    1.519389810496   38    1.519389810496   39    1.662525927690
      40    1.662525927690   41    1.662525927690   42    1.662525927690
      43    1.662525927690   44    1.662525927690   45    1.662525927690
      46    1.715123183094

     Beta orbital energies:

       1   -4.732681725053    2   -0.309277323392    3    0.014546860500
       4    0.014546860500    5    0.014546860500    6    0.035227937151
       7    0.059121132019    8    0.059121132019    9    0.059121132019
      10    0.193787544586   11    0.193787544586   12    0.193787544586
      13    0.193787544586   14    0.193787544586   15    0.264643573986
      16    0.264643573986   17    0.264643573986   18    0.267167565958
      19    0.600183234341   20    0.600183234341   21    0.600183234341
      22    0.600183234341   23    0.600183234341   24    0.600183234341
      25    0.600183234341   26    0.618364868546   27    0.618364868546
      28    0.618364868546   29    0.618364868546   30    0.618364868546
      31    1.010642098590   32    1.010642098590   33    1.010642098590
      34    1.519389810496   35    1.519389810496   36    1.519389810496
      37    1.519389810496   38    1.519389810496   39    1.662525927690
      40    1.662525927690   41    1.662525927690   42    1.662525927690
      43    1.662525927690   44    1.662525927690   45    1.662525927690
      46    1.715123183094

  eT terminated successfully!
