


               eT - a coupled cluster program
           S. D. Folkestad, E. F. Kjønstad, 2017-2018



  Initializing UHF wavefunction.

  Requested fractional uniform valence. Valence electrons will be
  distributed evenly in the highest molecular orbitals (if plural).

  :: Direct-integral Hartree-Fock self-consistent field solver
  :: E. F. Kjønstad, S. D. Folkestad, 2018

  A Roothan-Hall self-consistent field solver. In each iteration,
  the Roothan-Hall equation (or equations for unrestricted HF theory)
  are solved to provide the next orbital coefficients. From the new
  orbitals, a new density provides the next Fock matrix. The cycle
  repeats until the solution is self-consistent (as measured by
  the energy change).

  Iteration    Energy (a.u.)        Delta E (a.u.)
  ------------------------------------------------
    1           -33.833385029274    0.3383E+02
    2           -36.459666746257    0.2626E+01
    3           -37.376241573154    0.9166E+00
    4           -37.524586410298    0.1483E+00
    5           -37.529280075501    0.4694E-02
    6           -37.529526357633    0.2463E-03
    7           -37.529556286438    0.2993E-04
    8           -37.529562166364    0.5880E-05
    9           -37.529563450264    0.1284E-05
   10           -37.529563737133    0.2869E-06
   11           -37.529563801643    0.6451E-07
   12           -37.529563816183    0.1454E-07
   13           -37.529563819463    0.3280E-08
   14           -37.529563820203    0.7401E-09
   15           -37.529563820370    0.1671E-09
   16           -37.529563820408    0.3772E-10
   17           -37.529563820416    0.8541E-11
   18           -37.529563820418    0.1911E-11
   19           -37.529563820418    0.3837E-12
  ------------------------------------------------

  Converged in  19 iterations!

