


               eT - a coupled cluster program
           S. D. Folkestad, E. F. Kjønstad, 2017-2018



  Initializing UHF wavefunction.

  Requested fractional uniform valence. Valence electrons will be
  distributed evenly in the highest molecular orbitals (if plural).

  :: Direct-integral Hartree-Fock self-consistent field solver
  :: E. F. Kjønstad, S. D. Folkestad, 2018

  A Roothan-Hall self-consistent field solver. In each iteration,
  the Roothan-Hall equation (or equations for unrestricted HF theory)
  are solved to provide the next orbital coefficients. From the new
  orbitals, a new density provides the next Fock matrix. The cycle
  repeats until the solution is self-consistent (as measured by
  the energy change).

  Initial AO density is core.

     Energy of initial guess:      -446.020187949741
     Number of electrons in guess:   17.000000000000

  Iteration    Energy (a.u.)        Delta E (a.u.)
  ------------------------------------------------
    1          -452.665282989450    0.4527E+03
    2          -458.063553446444    0.5398E+01
    3          -459.105417229518    0.1042E+01
    4          -459.310231313729    0.2048E+00
    5          -459.333676720297    0.2345E-01
    6          -459.335707809243    0.2031E-02
    7          -459.335889593214    0.1818E-03
    8          -459.335907578039    0.1798E-04
    9          -459.335909838107    0.2260E-05
   10          -459.335910223241    0.3851E-06
   11          -459.335910306006    0.8276E-07
   12          -459.335910325912    0.1991E-07
   13          -459.335910330910    0.4998E-08
   14          -459.335910332183    0.1273E-08
   15          -459.335910332509    0.3262E-09
   16          -459.335910332593    0.8333E-10
   17          -459.335910332614    0.2171E-10
   18          -459.335910332620    0.5400E-11
   19          -459.335910332621    0.1364E-11
   20          -459.335910332621    0.3411E-12
  ------------------------------------------------

  Converged criterion met in  20 iterations!

  Final UHF energetics (a.u.):

     Nuclear repulsion energy:    0.000000000000
     Total electronic energy:  -459.335910332621

     Alpha orbital energies:

       1 -104.922526822781    2  -10.641866836513    3   -8.111653666728
       4   -8.111653666728    5   -8.111653666728    6   -1.156850140592
       7   -0.546727377012    8   -0.546727377012    9   -0.546727377012
      10    0.110848700598   11    0.110848700598   12    0.110848700598
      13    0.121733867543   14    0.327467799614   15    0.327467799614
      16    0.327467799614   17    0.327467799614   18    0.327467799614
      19    0.600949730356   20    0.600949730356   21    0.600949730356
      22    0.867533365854   23    0.867533365854   24    0.867533365854
      25    0.867533365854   26    0.867533365854   27    0.880259414696
      28    1.153701216327   29    1.153701216327   30    1.153701216327
      31    1.153701216327   32    1.153701216327   33    1.153701216327
      34    1.153701216327   35    2.449507580492   36    2.449507580492
      37    2.449507580492   38    2.449507580492   39    2.449507580492
      40    2.604397962571   41    2.604397962571   42    2.604397962571
      43    2.989434441169   44    2.989434441169   45    2.989434441169
      46    2.989434441169   47    2.989434441169   48    2.989434441169
      49    2.989434441169   50    4.982498428327

     Beta orbital energies:

       1 -104.908414925207    2  -10.627463084214    3   -8.086550914247
       4   -8.086550914247    5   -8.086550914247    6   -1.017715476951
       7   -0.333346082122    8   -0.333346082122    9   -0.333346082122
      10    0.115933105833   11    0.115933105833   12    0.115933105833
      13    0.123750255864   14    0.343223371824   15    0.343223371824
      16    0.343223371824   17    0.343223371824   18    0.343223371824
      19    0.628352919291   20    0.628352919291   21    0.628352919291
      22    0.903188827677   23    0.918968951921   24    0.918968951921
      25    0.918968951921   26    0.918968951921   27    0.918968951921
      28    1.165403729497   29    1.165403729497   30    1.165403729497
      31    1.165403729497   32    1.165403729497   33    1.165403729497
      34    1.165403729497   35    2.478193081809   36    2.478193081809
      37    2.478193081809   38    2.478193081809   39    2.478193081809
      40    2.641530955528   41    2.641530955528   42    2.641530955528
      43    3.022638641257   44    3.022638641257   45    3.022638641258
      46    3.022638641258   47    3.022638641258   48    3.022638641258
      49    3.022638641258   50    5.007298158773

  eT terminated successfully!
