


               eT - a coupled cluster program
           S. D. Folkestad, E. F. Kjønstad, 2017-2018



  Initializing UHF wavefunction.

  Requested fractional uniform valence. Valence electrons will be
  distributed evenly in the highest molecular orbitals (if plural).

  :: Direct-integral Hartree-Fock self-consistent field solver
  :: E. F. Kjønstad, S. D. Folkestad, 2018

  A Roothan-Hall self-consistent field solver. In each iteration,
  the Roothan-Hall equation (or equations for unrestricted HF theory)
  are solved to provide the next orbital coefficients. From the new
  orbitals, a new density provides the next Fock matrix. The cycle
  repeats until the solution is self-consistent (as measured by
  the energy change).

  Initial AO density is core.

     Energy of initial guess:       -88.491885436096
     Number of electrons in guess:    9.000000000000

  Iteration    Energy (a.u.)        Delta E (a.u.)
  ------------------------------------------------
    1           -89.810356506918    0.8981E+02
    2           -96.572027083135    0.6762E+01
    3           -96.859656293504    0.2876E+00
    4           -98.426805823419    0.1567E+01
    5           -98.852505122032    0.4257E+00
    6           -99.070197206980    0.2177E+00
    7           -99.130836032064    0.6064E-01
    8           -99.148993817900    0.1816E-01
    9           -99.153821609928    0.4828E-02
   10           -99.155149615251    0.1328E-02
   11           -99.155505544337    0.3559E-03
   12           -99.155602028454    0.9648E-04
   13           -99.155628014472    0.2599E-04
   14           -99.155635035875    0.7021E-05
   15           -99.155636929816    0.1894E-05
   16           -99.155637441134    0.5113E-06
   17           -99.155637579115    0.1380E-06
   18           -99.155637616358    0.3724E-07
   19           -99.155637626409    0.1005E-07
   20           -99.155637629122    0.2713E-08
   21           -99.155637629854    0.7322E-09
   22           -99.155637630052    0.1976E-09
   23           -99.155637630105    0.5333E-10
   24           -99.155637630119    0.1441E-10
   25           -99.155637630123    0.3922E-11
   26           -99.155637630124    0.9948E-12
  ------------------------------------------------

  Converged criterion met in  26 iterations!

  Final UHF energetics (a.u.):

     Nuclear repulsion energy:    0.000000000000
     Total electronic energy:   -99.155637630124

     Alpha orbital energies:

       1  -26.489033589101    2   -1.723471027893    3   -0.820176150988
       4   -0.820176150988    5   -0.820176150988    6    0.190647089432
       7    0.190647089432    8    0.190647089432    9    0.192741682251
      10    0.858825193377   11    0.858825193377   12    0.858825193377
      13    0.858825193377   14    0.858825193377   15    1.074524421416
      16    1.074524421416   17    1.074524421416   18    1.573016538970
      19    2.756057174289   20    2.756057174289   21    2.756057174289
      22    2.756057174289   23    2.756057174289   24    2.868785865766
      25    2.868785865766   26    2.868785865766   27    2.868785865766
      28    2.868785865766   29    2.868785865766   30    2.868785865766
      31    5.070587768054   32    5.070587768054   33    5.070587768054
      34    8.687236320030   35    8.687236320030   36    8.687236320030
      37    8.687236320030   38    8.687236320030   39    8.687236320030
      40    8.687236320030   41    9.115426729163   42    9.115426729163
      43    9.115426729163   44    9.115426729163   45    9.115426729163
      46   10.378390951071

     Beta orbital energies:

       1  -26.423515579198    2   -1.495278525346    3   -0.431653012485
       4   -0.431653012485    5   -0.431653012485    6    0.194796519726
       7    0.202042199534    8    0.202042199534    9    0.202042199534
      10    0.861917234404   11    0.861917234404   12    0.861917234404
      13    0.861917234404   14    0.861917234404   15    1.139418490915
      16    1.139418490915   17    1.139418490915   18    1.621828304964
      19    2.822921961421   20    2.822921961421   21    2.822921961421
      22    2.822921961421   23    2.822921961421   24    2.878673222384
      25    2.878673222384   26    2.878673222384   27    2.878673222384
      28    2.878673222384   29    2.878673222384   30    2.878673222384
      31    5.167750392230   32    5.167750392230   33    5.167750392230
      34    8.739017854900   35    8.739017854900   36    8.739017854900
      37    8.739017854900   38    8.739017854900   39    8.739017854900
      40    8.739017854900   41    9.218350543660   42    9.218350543660
      43    9.218350543660   44    9.218350543660   45    9.218350543660
      46   10.443085030298

  eT terminated successfully!
