


               eT - a coupled cluster program
           S. D. Folkestad, E. F. Kjønstad, 2017-2018



  Initializing UHF wavefunction.

  Requested fractional uniform valence. Valence electrons will be
  distributed evenly in the highest molecular orbitals (if plural).

  :: Direct-integral Hartree-Fock self-consistent field solver
  :: E. F. Kjønstad, S. D. Folkestad, 2018

  A Roothan-Hall self-consistent field solver. In each iteration,
  the Roothan-Hall equation (or equations for unrestricted HF theory)
  are solved to provide the next orbital coefficients. From the new
  orbitals, a new density provides the next Fock matrix. The cycle
  repeats until the solution is self-consistent (as measured by
  the energy change).

  Iteration    Energy (a.u.)        Delta E (a.u.)
  ------------------------------------------------
    1            -6.790061719298    0.6790E+01
    2            -7.418681576697    0.6286E+00
    3            -7.430108212417    0.1143E-01
    4            -7.432097710757    0.1989E-02
    5            -7.432558659489    0.4609E-03
    6            -7.432669464936    0.1108E-03
    7            -7.432696499454    0.2703E-04
    8            -7.432703146422    0.6647E-05
    9            -7.432704787242    0.1641E-05
   10            -7.432705193107    0.4059E-06
   11            -7.432705293603    0.1005E-06
   12            -7.432705318499    0.2490E-07
   13            -7.432705324669    0.6169E-08
   14            -7.432705326197    0.1529E-08
   15            -7.432705326576    0.3789E-09
   16            -7.432705326670    0.9393E-10
   17            -7.432705326694    0.2329E-10
   18            -7.432705326699    0.5777E-11
   19            -7.432705326701    0.1419E-11
   20            -7.432705326701    0.3588E-12
  ------------------------------------------------

  Converged in  20 iterations!

