


               eT - a coupled cluster program
           S. D. Folkestad, E. F. Kjønstad, 2017-2018



  Initializing UHF wavefunction.

  Requested fractional uniform valence. Valence electrons will be
  distributed evenly in the highest molecular orbitals (if plural).

  :: Direct-integral Hartree-Fock self-consistent field solver
  :: E. F. Kjønstad, S. D. Folkestad, 2018

  A Roothan-Hall self-consistent field solver. In each iteration,
  the Roothan-Hall equation (or equations for unrestricted HF theory)
  are solved to provide the next orbital coefficients. From the new
  orbitals, a new density provides the next Fock matrix. The cycle
  repeats until the solution is self-consistent (as measured by
  the energy change).

  Initial AO density is core.

     Energy of initial guess:      -197.345339924372
     Number of electrons in guess:   12.000000000000

  Iteration    Energy (a.u.)        Delta E (a.u.)
  ------------------------------------------------
    1          -199.498168516915    0.1995E+03
    2          -199.607772964634    0.1096E+00
    3          -199.612809386355    0.5036E-02
    4          -199.613288384793    0.4790E-03
    5          -199.613343136470    0.5475E-04
    6          -199.613349648730    0.6512E-05
    7          -199.613350436776    0.7880E-06
    8          -199.613350532957    0.9618E-07
    9          -199.613350544750    0.1179E-07
   10          -199.613350546200    0.1450E-08
   11          -199.613350546379    0.1785E-09
   12          -199.613350546401    0.2194E-10
   13          -199.613350546403    0.2785E-11
   14          -199.613350546404    0.3411E-12
  ------------------------------------------------

  Converged criterion met in  14 iterations!

  Final UHF energetics (a.u.):

     Nuclear repulsion energy:    0.000000000000
     Total electronic energy:  -199.613350546404

     Alpha orbital energies:

       1  -49.031905249638    2   -3.767730282622    3   -2.282141655279
       4   -2.282141655279    5   -2.282141655279    6   -0.253060357699
       7    0.014034601718    8    0.014034601718    9    0.014034601718
      10    0.030442760896   11    0.050485471619   12    0.050485471619
      13    0.050485471619   14    0.136071082038   15    0.136071082038
      16    0.136071082038   17    0.136071082038   18    0.136071082038
      19    0.201845535447   20    0.201845535448   21    0.201845535448
      22    0.209192760188   23    0.379042840053   24    0.379042840053
      25    0.379042840053   26    0.379042840053   27    0.379042840053
      28    0.379042840053   29    0.379042840053   30    0.423045852570
      31    0.423045852570   32    0.423045852570   33    0.423045852570
      34    0.423045852570   35    0.729962969091   36    0.729962969091
      37    0.729962969091   38    1.061685390930   39    1.061685390930
      40    1.061685390930   41    1.061685390930   42    1.061685390930
      43    1.150071760313   44    1.150071760313   45    1.150071760313
      46    1.150071760313   47    1.150071760313   48    1.150071760313
      49    1.150071760313   50    1.281176050726

     Beta orbital energies:

       1  -49.031905249638    2   -3.767730282622    3   -2.282141655279
       4   -2.282141655279    5   -2.282141655279    6   -0.253060357699
       7    0.014034601718    8    0.014034601718    9    0.014034601718
      10    0.030442760896   11    0.050485471619   12    0.050485471619
      13    0.050485471619   14    0.136071082038   15    0.136071082038
      16    0.136071082038   17    0.136071082038   18    0.136071082038
      19    0.201845535448   20    0.201845535448   21    0.201845535448
      22    0.209192760188   23    0.379042840053   24    0.379042840053
      25    0.379042840053   26    0.379042840053   27    0.379042840053
      28    0.379042840053   29    0.379042840053   30    0.423045852570
      31    0.423045852570   32    0.423045852570   33    0.423045852570
      34    0.423045852570   35    0.729962969091   36    0.729962969091
      37    0.729962969091   38    1.061685390930   39    1.061685390930
      40    1.061685390930   41    1.061685390930   42    1.061685390930
      43    1.150071760313   44    1.150071760313   45    1.150071760313
      46    1.150071760313   47    1.150071760313   48    1.150071760313
      49    1.150071760313   50    1.281176050726

  eT terminated successfully!
