


               eT - a coupled cluster program
           S. D. Folkestad, E. F. Kjønstad, 2017-2018



  Initializing UHF wavefunction.

  Requested fractional uniform valence. Valence electrons will be
  distributed evenly in the highest molecular orbitals (if plural).

  :: Direct-integral Hartree-Fock self-consistent field solver
  :: E. F. Kjønstad, S. D. Folkestad, 2018

  A Roothan-Hall self-consistent field solver. In each iteration,
  the Roothan-Hall equation (or equations for unrestricted HF theory)
  are solved to provide the next orbital coefficients. From the new
  orbitals, a new density provides the next Fock matrix. The cycle
  repeats until the solution is self-consistent (as measured by
  the energy change).

  Iteration    Energy (a.u.)        Delta E (a.u.)
  ------------------------------------------------
    1           -48.576236205226    0.4858E+02
    2           -51.506456037566    0.2930E+01
    3           -53.969358008359    0.2463E+01
    4           -54.388975950025    0.4196E+00
    5           -54.400655942048    0.1168E-01
    6           -54.401116217194    0.4603E-03
    7           -54.401154407485    0.3819E-04
    8           -54.401160654841    0.6247E-05
    9           -54.401161906237    0.1251E-05
   10           -54.401162169122    0.2629E-06
   11           -54.401162225054    0.5593E-07
   12           -54.401162237001    0.1195E-07
   13           -54.401162239556    0.2555E-08
   14           -54.401162240103    0.5468E-09
   15           -54.401162240220    0.1170E-09
   16           -54.401162240245    0.2507E-10
   17           -54.401162240251    0.5343E-11
   18           -54.401162240252    0.1137E-11
   19           -54.401162240252    0.2913E-12
  ------------------------------------------------

  Converged in  19 iterations!

