


               eT - a coupled cluster program
           S. D. Folkestad, E. F. Kjønstad, 2017-2018



  Initializing UHF wavefunction.

  Requested fractional uniform valence. Valence electrons will be
  distributed evenly in the highest molecular orbitals (if plural).

  :: Direct-integral Hartree-Fock self-consistent field solver
  :: E. F. Kjønstad, S. D. Folkestad, 2018

  A Roothan-Hall self-consistent field solver. In each iteration,
  the Roothan-Hall equation (or equations for unrestricted HF theory)
  are solved to provide the next orbital coefficients. From the new
  orbitals, a new density provides the next Fock matrix. The cycle
  repeats until the solution is self-consistent (as measured by
  the energy change).

  Initial AO density is core.

     Energy of initial guess:      -159.802921133903
     Number of electrons in guess:   11.000000000000

  Iteration    Energy (a.u.)        Delta E (a.u.)
  ------------------------------------------------
    1          -161.754632255462    0.1618E+03
    2          -161.842315800561    0.8768E-01
    3          -161.854834923944    0.1252E-01
    4          -161.857323104193    0.2488E-02
    5          -161.857867955871    0.5449E-03
    6          -161.857995943081    0.1280E-03
    7          -161.858027350599    0.3141E-04
    8          -161.858035247950    0.7897E-05
    9          -161.858037259263    0.2011E-05
   10          -161.858037774844    0.5156E-06
   11          -161.858037907436    0.1326E-06
   12          -161.858037941590    0.3415E-07
   13          -161.858037950394    0.8804E-08
   14          -161.858037952665    0.2271E-08
   15          -161.858037953251    0.5857E-09
   16          -161.858037953402    0.1511E-09
   17          -161.858037953441    0.3905E-10
   18          -161.858037953451    0.9891E-11
   19          -161.858037953453    0.2672E-11
   20          -161.858037953454    0.7105E-12
  ------------------------------------------------

  Converged criterion met in  20 iterations!

  Final UHF energetics (a.u.):

     Nuclear repulsion energy:    0.000000000000
     Total electronic energy:  -161.858037953454

     Alpha orbital energies:

       1  -40.480027753963    2   -2.800630140365    3   -1.519106732586
       4   -1.519106732586    5   -1.519106732586    6   -0.182200592591
       7    0.010718559565    8    0.010718559565    9    0.010718559565
      10    0.017284401949   11    0.033398420001   12    0.033398420001
      13    0.033398420001   14    0.067057334839   15    0.067057334839
      16    0.067057334839   17    0.067057334839   18    0.067057334839
      19    0.105040273941   20    0.105040273941   21    0.105040273941
      22    0.135923811054   23    0.219348899003   24    0.219348899003
      25    0.219348899003   26    0.219348899003   27    0.219348899003
      28    0.273064568244   29    0.273064568244   30    0.273064568244
      31    0.273064568244   32    0.273064568244   33    0.273064568244
      34    0.273064568244   35    0.335500225762   36    0.335500225762
      37    0.335500225762   38    0.567600390066   39    0.567600390066
      40    0.567600390066   41    0.567600390066   42    0.567600390066
      43    0.742674438929   44    0.742674438929   45    0.742674438929
      46    0.742674438929   47    0.742674438929   48    0.742674438929
      49    0.742674438929   50    1.747914431987

     Beta orbital energies:

       1  -40.477401686212    2   -2.793511745133    3   -1.516937366293
       4   -1.516937366293    5   -1.516937366293    6    0.004805885203
       7    0.014067188772    8    0.014067188772    9    0.014067188772
      10    0.036887972216   11    0.048312591298   12    0.048312591298
      13    0.048312591298   14    0.070371745864   15    0.070371745864
      16    0.070371745864   17    0.070371745864   18    0.070371745864
      19    0.128544952611   20    0.128544952611   21    0.128544952611
      22    0.170056078642   23    0.234331462204   24    0.234331462204
      25    0.234331462204   26    0.234331462204   27    0.234331462204
      28    0.280016673427   29    0.280016673427   30    0.280016673427
      31    0.280016673427   32    0.280016673427   33    0.280016673427
      34    0.280016673427   35    0.356972074627   36    0.356972074627
      37    0.356972074627   38    0.582063026231   39    0.582063026231
      40    0.582063026231   41    0.582063026231   42    0.582063026231
      43    0.753779836186   44    0.753779836186   45    0.753779836186
      46    0.753779836186   47    0.753779836186   48    0.753779836186
      49    0.753779836186   50    1.763654708831

  eT terminated successfully!
