


               eT - a coupled cluster program
           S. D. Folkestad, E. F. Kjønstad, 2017-2018



  Initializing UHF wavefunction.

  Requested fractional uniform valence. Valence electrons will be
  distributed evenly in the highest molecular orbitals (if plural).

  :: Direct-integral Hartree-Fock self-consistent field solver
  :: E. F. Kjønstad, S. D. Folkestad, 2018

  A Roothan-Hall self-consistent field solver. In each iteration,
  the Roothan-Hall equation (or equations for unrestricted HF theory)
  are solved to provide the next orbital coefficients. From the new
  orbitals, a new density provides the next Fock matrix. The cycle
  repeats until the solution is self-consistent (as measured by
  the energy change).

  Initial AO density is core.

     Energy of initial guess:      -113.909221108262
     Number of electrons in guess:   10.000000000000

  Iteration    Energy (a.u.)        Delta E (a.u.)
  ------------------------------------------------
    1          -113.355519346835    0.1134E+03
    2          -124.226663835428    0.1087E+02
    3          -122.976121292650    0.1251E+01
    4          -126.778396913612    0.3802E+01
    5          -127.706461015286    0.9281E+00
    6          -128.296914459013    0.5905E+00
    7          -128.463188738120    0.1663E+00
    8          -128.514513183106    0.5132E-01
    9          -128.528128577122    0.1362E-01
   10          -128.531892103739    0.3764E-02
   11          -128.532898955828    0.1007E-02
   12          -128.533172115320    0.2732E-03
   13          -128.533245627516    0.7351E-04
   14          -128.533265490215    0.1986E-04
   15          -128.533270845633    0.5355E-05
   16          -128.533272291150    0.1446E-05
   17          -128.533272681096    0.3899E-06
   18          -128.533272786320    0.1052E-06
   19          -128.533272814709    0.2839E-07
   20          -128.533272822369    0.7660E-08
   21          -128.533272824436    0.2067E-08
   22          -128.533272824994    0.5577E-09
   23          -128.533272825144    0.1504E-09
   24          -128.533272825185    0.4061E-10
   25          -128.533272825196    0.1094E-10
   26          -128.533272825199    0.2927E-11
   27          -128.533272825200    0.7674E-12
  ------------------------------------------------

  Converged criterion met in  27 iterations!

  Final UHF energetics (a.u.):

     Nuclear repulsion energy:    0.000000000000
     Total electronic energy:  -128.533272825200

     Alpha orbital energies:

       1  -32.779021750644    2   -1.933412385763    3   -0.851212036976
       4   -0.851212036976    5   -0.851212036976    6    0.240809143828
       7    0.240809143828    8    0.240809143828    9    0.242496777689
      10    1.131727802069   11    1.131727802069   12    1.131727802069
      13    1.131727802069   14    1.131727802069   15    1.354520122449
      16    1.354520122449   17    1.354520122449   18    1.986454147072
      19    3.609056039863   20    3.609056039863   21    3.609056039863
      22    3.609056039863   23    3.609056039863   24    4.197702985192
      25    4.197702985192   26    4.197702985192   27    4.197702985192
      28    4.197702985192   29    4.197702985192   30    4.197702985192
      31    6.343490747707   32    6.343490747707   33    6.343490747707
      34   11.812843775214   35   11.812843775214   36   11.812843775214
      37   11.812843775214   38   11.812843775214   39   11.986630397457
      40   11.986630397457   41   11.986630397457   42   11.986630397457
      43   11.986630397457   44   11.986630397457   45   11.986630397457
      46   12.907882152532

     Beta orbital energies:

       1  -32.779021750644    2   -1.933412385763    3   -0.851212036976
       4   -0.851212036976    5   -0.851212036976    6    0.240809143828
       7    0.240809143828    8    0.240809143828    9    0.242496777689
      10    1.131727802069   11    1.131727802069   12    1.131727802069
      13    1.131727802069   14    1.131727802069   15    1.354520122449
      16    1.354520122449   17    1.354520122449   18    1.986454147072
      19    3.609056039863   20    3.609056039863   21    3.609056039863
      22    3.609056039863   23    3.609056039863   24    4.197702985192
      25    4.197702985192   26    4.197702985192   27    4.197702985192
      28    4.197702985192   29    4.197702985192   30    4.197702985192
      31    6.343490747707   32    6.343490747707   33    6.343490747707
      34   11.812843775214   35   11.812843775214   36   11.812843775214
      37   11.812843775214   38   11.812843775214   39   11.986630397457
      40   11.986630397457   41   11.986630397457   42   11.986630397457
      43   11.986630397457   44   11.986630397457   45   11.986630397457
      46   12.907882152531

  eT terminated successfully!
