


               eT - a coupled cluster program
           S. D. Folkestad, E. F. Kjønstad, 2017-2018



  Initializing UHF wavefunction.

  Requested fractional uniform valence. Valence electrons will be
  distributed evenly in the highest molecular orbitals (if plural).

  :: Direct-integral Hartree-Fock self-consistent field solver
  :: E. F. Kjønstad, S. D. Folkestad, 2018

  A Roothan-Hall self-consistent field solver. In each iteration,
  the Roothan-Hall equation (or equations for unrestricted HF theory)
  are solved to provide the next orbital coefficients. From the new
  orbitals, a new density provides the next Fock matrix. The cycle
  repeats until the solution is self-consistent (as measured by
  the energy change).

  Initial AO density is core.

     Energy of initial guess:      -330.999336654835
     Number of electrons in guess:   15.000000000000

  Iteration    Energy (a.u.)        Delta E (a.u.)
  ------------------------------------------------
    1          -337.730535157436    0.3377E+03
    2          -340.348953435222    0.2618E+01
    3          -340.707848349057    0.3589E+00
    4          -340.715794333557    0.7946E-02
    5          -340.716374497768    0.5802E-03
    6          -340.716468048316    0.9355E-04
    7          -340.716486677194    0.1863E-04
    8          -340.716490530450    0.3853E-05
    9          -340.716491335926    0.8055E-06
   10          -340.716491504979    0.1691E-06
   11          -340.716491540523    0.3554E-07
   12          -340.716491548002    0.7479E-08
   13          -340.716491549577    0.1574E-08
   14          -340.716491549909    0.3317E-09
   15          -340.716491549978    0.6980E-10
   16          -340.716491549993    0.1450E-10
   17          -340.716491549996    0.3240E-11
   18          -340.716491549997    0.4547E-12
  ------------------------------------------------

  Converged criterion met in  18 iterations!

  Final UHF energetics (a.u.):

     Nuclear repulsion energy:    0.000000000000
     Total electronic energy:  -340.716491549997

     Alpha orbital energies:

       1  -79.980604678041    2   -7.522534531029    3   -5.421252140252
       4   -5.421252140252    5   -5.421252140252    6   -0.836478798029
       7   -0.392175686969    8   -0.392175686969    9   -0.392175686969
      10    0.081249774849   11    0.085232607812   12    0.085232607812
      13    0.085232607812   14    0.195068498558   15    0.195068498558
      16    0.195068498558   17    0.195068498558   18    0.195068498558
      19    0.490008892357   20    0.490008892357   21    0.490008892357
      22    0.555832370845   23    0.555832370845   24    0.555832370845
      25    0.555832370845   26    0.555832370845   27    0.588275573527
      28    0.639093080938   29    0.639093080938   30    0.639093080938
      31    0.639093080938   32    0.639093080938   33    0.639093080938
      34    0.639093080938   35    1.636025170295   36    1.636025170295
      37    1.636025170295   38    1.636025170295   39    1.636025170296
      40    1.853831019514   41    1.853831019514   42    1.853831019514
      43    1.853831019514   44    1.853831019514   45    1.853831019514
      46    1.853831019514   47    2.269600590338   48    2.269600590338
      49    2.269600590338   50    3.308321974851

     Beta orbital energies:

       1  -79.960711649877    2   -7.500581410857    3   -5.381174300264
       4   -5.381174300264    5   -5.381174300264    6   -0.556876520594
       7    0.029937247288    8    0.029937247288    9    0.029937247288
      10    0.097653202229   11    0.125825969114   12    0.125825969114
      13    0.125825969114   14    0.232974462107   15    0.232974462107
      16    0.232974462107   17    0.232974462107   18    0.232974462107
      19    0.566196251703   20    0.566196251703   21    0.566196251703
      22    0.642096112972   23    0.665925782006   24    0.665925782006
      25    0.665925782006   26    0.665925782006   27    0.665925782006
      28    0.669512118846   29    0.669512118846   30    0.669512118846
      31    0.669512118846   32    0.669512118846   33    0.669512118846
      34    0.669512118846   35    1.696555315754   36    1.696555315754
      37    1.696555315754   38    1.696555315754   39    1.696555315754
      40    1.922972299469   41    1.922972299469   42    1.922972299469
      43    1.922972299469   44    1.922972299469   45    1.922972299469
      46    1.922972299469   47    2.334033112758   48    2.334033112758
      49    2.334033112758   50    3.350803070426

  eT terminated successfully!
