


               eT - a coupled cluster program
           S. D. Folkestad, E. F. Kjønstad, 2017-2018



  Initializing UHF wavefunction.

  Requested fractional uniform valence. Valence electrons will be
  distributed evenly in the highest molecular orbitals (if plural).

  :: Direct-integral Hartree-Fock self-consistent field solver
  :: E. F. Kjønstad, S. D. Folkestad, 2018

  A Roothan-Hall self-consistent field solver. In each iteration,
  the Roothan-Hall equation (or equations for unrestricted HF theory)
  are solved to provide the next orbital coefficients. From the new
  orbitals, a new density provides the next Fock matrix. The cycle
  repeats until the solution is self-consistent (as measured by
  the energy change).

  Initial AO density is core.

     Energy of initial guess:      -279.173201264867
     Number of electrons in guess:   14.000000000000

  Iteration    Energy (a.u.)        Delta E (a.u.)
  ------------------------------------------------
    1          -286.613566392023    0.2866E+03
    2          -288.491327987545    0.1878E+01
    3          -288.747060529928    0.2557E+00
    4          -288.755392409035    0.8332E-02
    5          -288.755904208434    0.5118E-03
    6          -288.755962400205    0.5819E-04
    7          -288.755972745217    0.1035E-04
    8          -288.755974866391    0.2121E-05
    9          -288.755975317810    0.4514E-06
   10          -288.755975414929    0.9712E-07
   11          -288.755975435909    0.2098E-07
   12          -288.755975440449    0.4540E-08
   13          -288.755975441432    0.9833E-09
   14          -288.755975441645    0.2131E-09
   15          -288.755975441691    0.4616E-10
   16          -288.755975441702    0.1006E-10
   17          -288.755975441704    0.2046E-11
   18          -288.755975441704    0.5116E-12
  ------------------------------------------------

  Converged criterion met in  18 iterations!

  Final UHF energetics (a.u.):

     Nuclear repulsion energy:    0.000000000000
     Total electronic energy:  -288.755975441704

     Alpha orbital energies:

       1  -68.849809969337    2   -6.191299450628    3   -4.294883754083
       4   -4.294883754083    5   -4.294883754083    6   -0.628769462615
       7   -0.207000896136    8   -0.207000896136    9   -0.207000896136
      10    0.062050357303   11    0.070637205091   12    0.070637205091
      13    0.070637205091   14    0.144875735375   15    0.144875735375
      16    0.144875735375   17    0.144875735375   18    0.144875735375
      19    0.432958287974   20    0.432958287974   21    0.432958287974
      22    0.432958287974   23    0.432958287974   24    0.438839556241
      25    0.438839556241   26    0.438839556241   27    0.453824143500
      28    0.483230489493   29    0.483230489493   30    0.483230489493
      31    0.483230489493   32    0.483230489493   33    0.483230489493
      34    0.483230489493   35    1.260450367943   36    1.260450367943
      37    1.260450367943   38    1.260450367943   39    1.260450367943
      40    1.414208868255   41    1.414208868255   42    1.414208868255
      43    1.414208868255   44    1.414208868255   45    1.414208868255
      46    1.414208868255   47    2.478676923635   48    2.478676923635
      49    2.478676923635   50    2.525109387376

     Beta orbital energies:

       1  -68.841559908970    2   -6.182109821327    3   -4.276648532224
       4   -4.276648532224    5   -4.276648532224    6   -0.483459890847
       7    0.020749022863    8    0.020749022863    9    0.020749022863
      10    0.075282299323   11    0.098616462165   12    0.098616462165
      13    0.098616462165   14    0.167882753441   15    0.167882753441
      16    0.167882753441   17    0.167882753441   18    0.167882753441
      19    0.483258378670   20    0.483258378670   21    0.483258378670
      22    0.483738874748   23    0.492826822979   24    0.492826822979
      25    0.492826822979   26    0.492826822979   27    0.492826822979
      28    0.503498813475   29    0.503498813475   30    0.503498813475
      31    0.503498813475   32    0.503498813475   33    0.503498813475
      34    0.503498813475   35    1.292490370454   36    1.292490370454
      37    1.292490370454   38    1.292490370454   39    1.292490370454
      40    1.450363736757   41    1.450363736757   42    1.450363736757
      43    1.450363736757   44    1.450363736757   45    1.450363736757
      46    1.450363736757   47    2.506885712641   48    2.506885712641
      49    2.506885712641   50    2.544781644439

  eT terminated successfully!
