


               eT - a coupled cluster program
           S. D. Folkestad, E. F. Kjønstad, 2017-2018



  Initializing UHF wavefunction.

  Requested fractional uniform valence. Valence electrons will be
  distributed evenly in the highest molecular orbitals (if plural).

  :: Direct-integral Hartree-Fock self-consistent field solver
  :: E. F. Kjønstad, S. D. Folkestad, 2018

  A Roothan-Hall self-consistent field solver. In each iteration,
  the Roothan-Hall equation (or equations for unrestricted HF theory)
  are solved to provide the next orbital coefficients. From the new
  orbitals, a new density provides the next Fock matrix. The cycle
  repeats until the solution is self-consistent (as measured by
  the energy change).

  Initial AO density is core.

     Energy of initial guess:      -501.194588223784
     Number of electrons in guess:   18.000000000000

  Iteration    Energy (a.u.)        Delta E (a.u.)
  ------------------------------------------------
    1          -518.705482516610    0.5187E+03
    2          -525.202603708194    0.6497E+01
    3          -526.615456346867    0.1413E+01
    4          -526.798325408499    0.1829E+00
    5          -526.815269861121    0.1694E-01
    6          -526.816657466853    0.1388E-02
    7          -526.816770215294    0.1127E-03
    8          -526.816779364733    0.9149E-05
    9          -526.816780108501    0.7438E-06
   10          -526.816780169007    0.6051E-07
   11          -526.816780173932    0.4925E-08
   12          -526.816780174333    0.4010E-09
   13          -526.816780174365    0.3251E-10
   14          -526.816780174368    0.2615E-11
   15          -526.816780174368    0.2274E-12
  ------------------------------------------------

  Converged criterion met in  15 iterations!

  Final UHF energetics (a.u.):

     Nuclear repulsion energy:    0.000000000000
     Total electronic energy:  -526.816780174368

     Alpha orbital energies:

       1 -118.610067425914    2  -12.321922789793    3   -9.571203601022
       4   -9.571203601022    5   -9.571203601022    6   -1.277185293023
       7   -0.590855447055    8   -0.590855447055    9   -0.590855447055
      10    0.387053918875   11    0.387053918875   12    0.387053918875
      13    0.478321371762   14    0.583120745330   15    0.583120745330
      16    0.583120745330   17    0.583120745330   18    0.583120745330
      19    1.801601296997   20    1.801601296997   21    1.801601296997
      22    1.801601296997   23    1.801601296997   24    1.840319263718
      25    1.840319263718   26    1.840319263718   27    1.919024271278
      28    1.919024271278   29    1.919024271278   30    1.919024271278
      31    1.919024271278   32    1.919024271278   33    1.919024271278
      34    2.867570927321   35    4.706678108256   36    4.706678108256
      37    4.706678108256   38    4.706678108256   39    4.706678108256
      40    4.706678108256   41    4.706678108256   42    4.706678108256
      43    4.706678108256   44    4.853047310821   45    4.853047310821
      46    4.853047310821   47    4.853047310821   48    4.853047310821
      49    5.193103796002   50    5.193103796002   51    5.193103796002
      52    5.193103796002   53    5.193103796002   54    5.193103796002
      55    5.193103796002   56    6.571696004334   57    6.571696004334
      58    6.571696004335   59   28.199221726465

     Beta orbital energies:

       1 -118.610067425915    2  -12.321922789793    3   -9.571203601022
       4   -9.571203601022    5   -9.571203601022    6   -1.277185293023
       7   -0.590855447055    8   -0.590855447055    9   -0.590855447055
      10    0.387053918875   11    0.387053918875   12    0.387053918875
      13    0.478321371762   14    0.583120745330   15    0.583120745330
      16    0.583120745330   17    0.583120745330   18    0.583120745330
      19    1.801601296997   20    1.801601296997   21    1.801601296997
      22    1.801601296997   23    1.801601296997   24    1.840319263718
      25    1.840319263718   26    1.840319263718   27    1.919024271278
      28    1.919024271278   29    1.919024271278   30    1.919024271278
      31    1.919024271278   32    1.919024271278   33    1.919024271278
      34    2.867570927322   35    4.706678108256   36    4.706678108256
      37    4.706678108256   38    4.706678108256   39    4.706678108256
      40    4.706678108256   41    4.706678108256   42    4.706678108256
      43    4.706678108256   44    4.853047310821   45    4.853047310821
      46    4.853047310821   47    4.853047310821   48    4.853047310821
      49    5.193103796002   50    5.193103796002   51    5.193103796002
      52    5.193103796002   53    5.193103796002   54    5.193103796002
      55    5.193103796002   56    6.571696004333   57    6.571696004334
      58    6.571696004334   59   28.199221726463

  eT terminated successfully!
