


               eT - a coupled cluster program
           S. D. Folkestad, E. F. Kjønstad, 2017-2018



  Initializing UHF wavefunction.

  Requested fractional uniform valence. Valence electrons will be
  distributed evenly in the highest molecular orbitals (if plural).

  :: Direct-integral Hartree-Fock self-consistent field solver
  :: E. F. Kjønstad, S. D. Folkestad, 2018

  A Roothan-Hall self-consistent field solver. In each iteration,
  the Roothan-Hall equation (or equations for unrestricted HF theory)
  are solved to provide the next orbital coefficients. From the new
  orbitals, a new density provides the next Fock matrix. The cycle
  repeats until the solution is self-consistent (as measured by
  the energy change).

  Initial AO density is core.

     Energy of initial guess:      -240.895499130961
     Number of electrons in guess:   13.000000000000

  Iteration    Energy (a.u.)        Delta E (a.u.)
  ------------------------------------------------
    1          -241.743752206136    0.2417E+03
    2          -241.792703675620    0.4895E-01
    3          -241.796795051495    0.4091E-02
    4          -241.797256326460    0.4613E-03
    5          -241.797323095499    0.6677E-04
    6          -241.797332892794    0.9797E-05
    7          -241.797334355949    0.1463E-05
    8          -241.797334580173    0.2242E-06
    9          -241.797334615781    0.3561E-07
   10          -241.797334621699    0.5918E-08
   11          -241.797334622736    0.1037E-08
   12          -241.797334622928    0.1922E-09
   13          -241.797334622965    0.3737E-10
   14          -241.797334622973    0.7617E-11
   15          -241.797334622975    0.1648E-11
   16          -241.797334622975    0.3695E-12
  ------------------------------------------------

  Converged criterion met in  16 iterations!

  Final UHF energetics (a.u.):

     Nuclear repulsion energy:    0.000000000000
     Total electronic energy:  -241.797334622975

     Alpha orbital energies:

       1  -58.545085471125    2   -4.950840555024    3   -3.259385457553
       4   -3.259385457553    5   -3.259385457553    6   -0.440377498627
       7   -0.067425238592    8   -0.067425238592    9   -0.067425238592
      10    0.043564347140   11    0.052727505263   12    0.052727505263
      13    0.052727505263   14    0.137988387804   15    0.137988387804
      16    0.137988387804   17    0.137988387804   18    0.137988387804
      19    0.378656526105   20    0.379625188299   21    0.379625188299
      22    0.379625188299   23    0.489854934442   24    0.489854934442
      25    0.489854934442   26    0.489854934442   27    0.489854934442


     Beta orbital energies:

       1  -58.543554214624    2   -4.949056905381    3   -3.255284885153
       4   -3.255284885153    5   -3.255284885153    6   -0.394353566645
       7    0.013395964715    8    0.013395964715    9    0.013395964715
      10    0.053741667704   11    0.068134760613   12    0.068134760613
      13    0.068134760613   14    0.156160565253   15    0.156160565253
      16    0.156160565253   17    0.156160565253   18    0.156160565253
      19    0.390040306695   20    0.395180303539   21    0.395180303539
      22    0.395180303539   23    0.509300229151   24    0.509300229151
      25    0.509300229151   26    0.509300229151   27    0.509300229151


  eT terminated successfully!
