


               eT - a coupled cluster program
           S. D. Folkestad, E. F. Kjønstad, 2017-2018



  Initializing UHF wavefunction.

  Requested fractional uniform valence. Valence electrons will be
  distributed evenly in the highest molecular orbitals (if plural).

  :: Direct-integral Hartree-Fock self-consistent field solver
  :: E. F. Kjønstad, S. D. Folkestad, 2018

  A Roothan-Hall self-consistent field solver. In each iteration,
  the Roothan-Hall equation (or equations for unrestricted HF theory)
  are solved to provide the next orbital coefficients. From the new
  orbitals, a new density provides the next Fock matrix. The cycle
  repeats until the solution is self-consistent (as measured by
  the energy change).

  Iteration    Energy (a.u.)        Delta E (a.u.)
  ------------------------------------------------
    1           -14.372116595109    0.1437E+02
    2           -14.556949926723    0.1848E+00
    3           -14.571321076804    0.1437E-01
    4           -14.572299452897    0.9784E-03
    5           -14.572372273584    0.7282E-04
    6           -14.572378488786    0.6215E-05
    7           -14.572379081684    0.5929E-06
    8           -14.572379142188    0.6050E-07
    9           -14.572379148580    0.6391E-08
   10           -14.572379149266    0.6862E-09
   11           -14.572379149340    0.7419E-10
   12           -14.572379149348    0.8047E-11
   13           -14.572379149349    0.8740E-12
  ------------------------------------------------

  Converged in  13 iterations!

