


               eT - a coupled cluster program
           S. D. Folkestad, E. F. Kjønstad, 2017-2018



  Initializing UHF wavefunction.

  Requested fractional uniform valence. Valence electrons will be
  distributed evenly in the highest molecular orbitals (if plural).

  :: Direct-integral Hartree-Fock self-consistent field solver
  :: E. F. Kjønstad, S. D. Folkestad, 2018

  A Roothan-Hall self-consistent field solver. In each iteration,
  the Roothan-Hall equation (or equations for unrestricted HF theory)
  are solved to provide the next orbital coefficients. From the new
  orbitals, a new density provides the next Fock matrix. The cycle
  repeats until the solution is self-consistent (as measured by
  the energy change).

  Iteration    Energy (a.u.)        Delta E (a.u.)
  ------------------------------------------------
    1            -0.484430694074    0.4844E+00
    2            -0.497261670810    0.1283E-01
    3            -0.499035960041    0.1774E-02
    4            -0.499290491966    0.2545E-03
    5            -0.499327808835    0.3732E-04
    6            -0.499333344082    0.5535E-05
    7            -0.499334170033    0.8260E-06
    8            -0.499334293644    0.1236E-06
    9            -0.499334312170    0.1853E-07
   10            -0.499334314949    0.2779E-08
   11            -0.499334315366    0.4169E-09
   12            -0.499334315429    0.6256E-10
   13            -0.499334315438    0.9388E-11
   14            -0.499334315439    0.1409E-11
   15            -0.499334315440    0.2116E-12
  ------------------------------------------------

  Converged in  15 iterations!

