


               eT - a coupled cluster program
           S. D. Folkestad, E. F. Kjønstad, 2017-2018



  Initializing UHF wavefunction.

  Requested fractional uniform valence. Valence electrons will be
  distributed evenly in the highest molecular orbitals (if plural).

  :: Direct-integral Hartree-Fock self-consistent field solver
  :: E. F. Kjønstad, S. D. Folkestad, 2018

  A Roothan-Hall self-consistent field solver. In each iteration,
  the Roothan-Hall equation (or equations for unrestricted HF theory)
  are solved to provide the next orbital coefficients. From the new
  orbitals, a new density provides the next Fock matrix. The cycle
  repeats until the solution is self-consistent (as measured by
  the energy change).

  Initial AO density is core.

     Energy of initial guess:        -7.393094974220
     Number of electrons in guess:    3.000000000000

  Iteration    Energy (a.u.)        Delta E (a.u.)
  ------------------------------------------------
    1            -7.425295387160    0.7425E+01
    2            -7.430933229286    0.5638E-02
    3            -7.432097123986    0.1164E-02
    4            -7.432351620815    0.2545E-03
    5            -7.432408809881    0.5719E-04
    6            -7.432421838629    0.1303E-04
    7            -7.432424826937    0.2988E-05
    8            -7.432425514575    0.6876E-06
    9            -7.432425673051    0.1585E-06
   10            -7.432425709601    0.3655E-07
   11            -7.432425718033    0.8432E-08
   12            -7.432425719979    0.1946E-08
   13            -7.432425720428    0.4490E-09
   14            -7.432425720532    0.1036E-09
   15            -7.432425720556    0.2391E-10
   16            -7.432425720561    0.5515E-11
   17            -7.432425720562    0.1278E-11
   18            -7.432425720563    0.2887E-12
  ------------------------------------------------

  Converged criterion met in  18 iterations!

  Final UHF energetics (a.u.):

     Nuclear repulsion energy:    0.000000000000
     Total electronic energy:    -7.432425720563

     Alpha orbital energies:

       1   -2.484876095305    2   -0.196309744540    3    0.009947545625
       4    0.009947545625    5    0.009947545625    6    0.022889760429
       7    0.035854956576    8    0.035854956576    9    0.035854956576
      10    0.171427774385   11    0.171427774385   12    0.171427774385
      13    0.188268518407   14    0.188268518407   15    0.188268518407
      16    0.188268518407   17    0.188268518407   18    0.199025828099
      19    0.544950237033   20    0.544950237033   21    0.544950237033
      22    0.544950237033   23    0.544950237033

     Beta orbital energies:

       1   -2.470472992089    2    0.006264846472    3    0.013441123707
       4    0.013441123707    5    0.013441123707    6    0.049182591110
       7    0.062205305023    8    0.062205305023    9    0.062205305023
      10    0.202124079389   11    0.202124079389   12    0.202124079389
      13    0.202752476964   14    0.202752476964   15    0.202752476964
      16    0.202752476964   17    0.202752476964   18    0.232312176495
      19    0.562639885217   20    0.562639885217   21    0.562639885217
      22    0.562639885217   23    0.562639885217

  eT terminated successfully!
