


               eT - a coupled cluster program
           S. D. Folkestad, E. F. Kjønstad, 2017-2018



  Initializing UHF wavefunction.

  Requested fractional uniform valence. Valence electrons will be
  distributed evenly in the highest molecular orbitals (if plural).

  :: Direct-integral Hartree-Fock self-consistent field solver
  :: E. F. Kjønstad, S. D. Folkestad, 2018

  A Roothan-Hall self-consistent field solver. In each iteration,
  the Roothan-Hall equation (or equations for unrestricted HF theory)
  are solved to provide the next orbital coefficients. From the new
  orbitals, a new density provides the next Fock matrix. The cycle
  repeats until the solution is self-consistent (as measured by
  the energy change).

  Initial AO density is core.

     Energy of initial guess:      -199.168770615095
     Number of electrons in guess:   12.000000000000

  Iteration    Energy (a.u.)        Delta E (a.u.)
  ------------------------------------------------
    1          -199.586992630949    0.1996E+03
    2          -199.606618274635    0.1963E-01
    3          -199.608170593650    0.1552E-02
    4          -199.608321833379    0.1512E-03
    5          -199.608337674231    0.1584E-04
    6          -199.608339438282    0.1764E-05
    7          -199.608339643913    0.2056E-06
    8          -199.608339668608    0.2469E-07
    9          -199.608339671627    0.3019E-08
   10          -199.608339672000    0.3729E-09
   11          -199.608339672046    0.4627E-10
   12          -199.608339672052    0.5798E-11
   13          -199.608339672052    0.7390E-12
  ------------------------------------------------

  Converged criterion met in  13 iterations!

  Final UHF energetics (a.u.):

     Nuclear repulsion energy:    0.000000000000
     Total electronic energy:  -199.608339672052

     Alpha orbital energies:

       1  -49.032209054128    2   -3.767526681222    3   -2.281919999859
       4   -2.281919999859    5   -2.281919999859    6   -0.253119584194
       7    0.016535293561    8    0.016535293561    9    0.016535293561
      10    0.037832755559   11    0.063781830720   12    0.063781830720
      13    0.063781830720   14    0.173867542170   15    0.173867542170
      16    0.173867542170   17    0.173867542170   18    0.173867542170
      19    0.266858092020   20    0.305286756985   21    0.305286756985
      22    0.305286756985   23    0.576459494451   24    0.576459494451
      25    0.576459494451   26    0.576459494451   27    0.576459494451


     Beta orbital energies:

       1  -49.032209054128    2   -3.767526681222    3   -2.281919999859
       4   -2.281919999859    5   -2.281919999859    6   -0.253119584194
       7    0.016535293561    8    0.016535293561    9    0.016535293561
      10    0.037832755559   11    0.063781830720   12    0.063781830720
      13    0.063781830720   14    0.173867542170   15    0.173867542170
      16    0.173867542170   17    0.173867542170   18    0.173867542170
      19    0.266858092020   20    0.305286756985   21    0.305286756985
      22    0.305286756985   23    0.576459494451   24    0.576459494451
      25    0.576459494451   26    0.576459494451   27    0.576459494451


  eT terminated successfully!
