The system is: Darwin - 16.6.0 - x86_64
Compiling the Fortran compiler identification source file "CMakeFortranCompilerId.F" succeeded.
Compiler: /usr/local/bin/gfortran 
Build flags: 
Id flags: -v

The output was:
0
Driving: /usr/local/bin/gfortran -v CMakeFortranCompilerId.F -mmacosx-version-min=10.12.6 -asm_macosx_version_min=10.12 -l gfortran -shared-libgcc
Using built-in specs.
COLLECT_GCC=/usr/local/bin/gfortran
COLLECT_LTO_WRAPPER=/usr/local/libexec/gcc/x86_64-apple-darwin15.6.0/6.3.0/lto-wrapper
Target: x86_64-apple-darwin15.6.0
Configured with: ../gcc-6.3.0/configure --enable-languages=c++,fortran
Thread model: posix
gcc version 6.3.0 (GCC) 
COLLECT_GCC_OPTIONS='-v' '-mmacosx-version-min=10.12.6' '-asm_macosx_version_min=10.12' '-shared-libgcc' '-mtune=core2'
 /usr/local/libexec/gcc/x86_64-apple-darwin15.6.0/6.3.0/f951 CMakeFortranCompilerId.F -ffixed-form -cpp=/var/folders/0t/rxd6tmpj2kvccd5gfg4635s00000gn/T//ccFhyWCL.f90 -quiet -v -D__DYNAMIC__ CMakeFortranCompilerId.F -fPIC -quiet -dumpbase CMakeFortranCompilerId.F -mmacosx-version-min=10.12.6 -mtune=core2 -auxbase CMakeFortranCompilerId -version -fintrinsic-modules-path /usr/local/lib/gcc/x86_64-apple-darwin15.6.0/6.3.0/finclude -o /var/folders/0t/rxd6tmpj2kvccd5gfg4635s00000gn/T//ccdYp8fz.s
GNU Fortran (GCC) version 6.3.0 (x86_64-apple-darwin15.6.0)
	compiled by GNU C version 6.3.0, GMP version 6.0.0, MPFR version 3.1.2-p10, MPC version 1.0.2, isl version none
GGC heuristics: --param ggc-min-expand=100 --param ggc-min-heapsize=131072
ignoring nonexistent directory "/usr/local/lib/gcc/x86_64-apple-darwin15.6.0/6.3.0/../../../../x86_64-apple-darwin15.6.0/include"
#include "..." search starts here:
#include <...> search starts here:
 /usr/local/lib/gcc/x86_64-apple-darwin15.6.0/6.3.0/finclude
 /usr/local/lib/gcc/x86_64-apple-darwin15.6.0/6.3.0/include
 /usr/local/include
 /usr/local/lib/gcc/x86_64-apple-darwin15.6.0/6.3.0/include-fixed
 /usr/include
End of search list.
GNU Fortran2008 (GCC) version 6.3.0 (x86_64-apple-darwin15.6.0)
	compiled by GNU C version 6.3.0, GMP version 6.0.0, MPFR version 3.1.2-p10, MPC version 1.0.2, isl version none
GGC heuristics: --param ggc-min-expand=100 --param ggc-min-heapsize=131072
COLLECT_GCC_OPTIONS='-v' '-mmacosx-version-min=10.12.6'  '-shared-libgcc' '-mtune=core2'
 as -arch x86_64 -v -force_cpusubtype_ALL -mmacosx-version-min=10.12 -o /var/folders/0t/rxd6tmpj2kvccd5gfg4635s00000gn/T//ccxg6Z9g.o /var/folders/0t/rxd6tmpj2kvccd5gfg4635s00000gn/T//ccdYp8fz.s
Apple LLVM version 8.1.0 (clang-802.0.42)
Target: x86_64-apple-darwin16.6.0
Thread model: posix
InstalledDir: /Applications/Xcode.app/Contents/Developer/Toolchains/XcodeDefault.xctoolchain/usr/bin
 "/Applications/Xcode.app/Contents/Developer/Toolchains/XcodeDefault.xctoolchain/usr/bin/clang" -cc1as -triple x86_64-apple-macosx10.12.0 -filetype obj -main-file-name ccdYp8fz.s -target-cpu penryn -fdebug-compilation-dir /Users/eirikkjonstad/Documents/eT_mast/build/CMakeFiles/3.7.2/CompilerIdFortran -dwarf-debug-producer Apple LLVM version 8.1.0 (clang-802.0.42) -dwarf-version=4 -mrelocation-model pic -o /var/folders/0t/rxd6tmpj2kvccd5gfg4635s00000gn/T//ccxg6Z9g.o /var/folders/0t/rxd6tmpj2kvccd5gfg4635s00000gn/T//ccdYp8fz.s
Reading specs from /usr/local/lib/gcc/x86_64-apple-darwin15.6.0/6.3.0/../../../libgfortran.spec
rename spec lib to liborig
COLLECT_GCC_OPTIONS='-v' '-mmacosx-version-min=10.12.6'  '-shared-libgcc' '-mtune=core2'
COMPILER_PATH=/usr/local/libexec/gcc/x86_64-apple-darwin15.6.0/6.3.0/:/usr/local/libexec/gcc/x86_64-apple-darwin15.6.0/6.3.0/:/usr/local/libexec/gcc/x86_64-apple-darwin15.6.0/:/usr/local/lib/gcc/x86_64-apple-darwin15.6.0/6.3.0/:/usr/local/lib/gcc/x86_64-apple-darwin15.6.0/
LIBRARY_PATH=/usr/local/lib/gcc/x86_64-apple-darwin15.6.0/6.3.0/:/usr/local/lib/gcc/x86_64-apple-darwin15.6.0/6.3.0/../../../
COLLECT_GCC_OPTIONS='-v' '-mmacosx-version-min=10.12.6'  '-shared-libgcc' '-mtune=core2'
 /usr/local/libexec/gcc/x86_64-apple-darwin15.6.0/6.3.0/collect2 -dynamic -arch x86_64 -macosx_version_min 10.12.6 -weak_reference_mismatches non-weak -o a.out -L/usr/local/lib/gcc/x86_64-apple-darwin15.6.0/6.3.0 -L/usr/local/lib/gcc/x86_64-apple-darwin15.6.0/6.3.0/../../.. /var/folders/0t/rxd6tmpj2kvccd5gfg4635s00000gn/T//ccxg6Z9g.o -lgfortran -no_compact_unwind -lSystem -lgcc_ext.10.5 -lgcc -lquadmath -lm -lgcc_ext.10.5 -lgcc -lSystem -v
collect2 version 6.3.0
/usr/bin/ld -dynamic -arch x86_64 -macosx_version_min 10.12.6 -weak_reference_mismatches non-weak -o a.out -L/usr/local/lib/gcc/x86_64-apple-darwin15.6.0/6.3.0 -L/usr/local/lib/gcc/x86_64-apple-darwin15.6.0/6.3.0/../../.. /var/folders/0t/rxd6tmpj2kvccd5gfg4635s00000gn/T//ccxg6Z9g.o -lgfortran -no_compact_unwind -lSystem -lgcc_ext.10.5 -lgcc -lquadmath -lm -lgcc_ext.10.5 -lgcc -lSystem -v
@(#)PROGRAM:ld  PROJECT:ld64-278.4
configured to support archs: armv6 armv7 armv7s arm64 i386 x86_64 x86_64h armv6m armv7k armv7m armv7em (tvOS)
Library search paths:
	/usr/local/lib/gcc/x86_64-apple-darwin15.6.0/6.3.0
	/usr/local/lib
	/usr/lib
	/usr/local/lib
Framework search paths:
	/Library/Frameworks/
	/System/Library/Frameworks/


Compilation of the Fortran compiler identification source "CMakeFortranCompilerId.F" produced "a.out"

The Fortran compiler identification is GNU, found in "/Users/eirikkjonstad/Documents/eT_mast/build/CMakeFiles/3.7.2/CompilerIdFortran/a.out"

Determining if the Fortran compiler works passed with the following output:
Change Dir: /Users/eirikkjonstad/Documents/eT_mast/build/CMakeFiles/CMakeTmp

Run Build Command:"/usr/bin/make" "cmTC_50775/fast"
/Applications/Xcode.app/Contents/Developer/usr/bin/make -f CMakeFiles/cmTC_50775.dir/build.make CMakeFiles/cmTC_50775.dir/build
Building Fortran object CMakeFiles/cmTC_50775.dir/testFortranCompiler.f.o
/usr/local/bin/gfortran     -c /Users/eirikkjonstad/Documents/eT_mast/build/CMakeFiles/CMakeTmp/testFortranCompiler.f -o CMakeFiles/cmTC_50775.dir/testFortranCompiler.f.o
Linking Fortran executable cmTC_50775
/usr/local/Cellar/cmake/3.7.2/bin/cmake -E cmake_link_script CMakeFiles/cmTC_50775.dir/link.txt --verbose=1
/usr/local/bin/gfortran       CMakeFiles/cmTC_50775.dir/testFortranCompiler.f.o  -o cmTC_50775  


Detecting Fortran compiler ABI info compiled with the following output:
Change Dir: /Users/eirikkjonstad/Documents/eT_mast/build/CMakeFiles/CMakeTmp

Run Build Command:"/usr/bin/make" "cmTC_12704/fast"
/Applications/Xcode.app/Contents/Developer/usr/bin/make -f CMakeFiles/cmTC_12704.dir/build.make CMakeFiles/cmTC_12704.dir/build
Building Fortran object CMakeFiles/cmTC_12704.dir/CMakeFortranCompilerABI.F.o
/usr/local/bin/gfortran     -c /usr/local/Cellar/cmake/3.7.2/share/cmake/Modules/CMakeFortranCompilerABI.F -o CMakeFiles/cmTC_12704.dir/CMakeFortranCompilerABI.F.o
Linking Fortran executable cmTC_12704
/usr/local/Cellar/cmake/3.7.2/bin/cmake -E cmake_link_script CMakeFiles/cmTC_12704.dir/link.txt --verbose=1
/usr/local/bin/gfortran    -v -Wl,-v   CMakeFiles/cmTC_12704.dir/CMakeFortranCompilerABI.F.o  -o cmTC_12704   
Driving: /usr/local/bin/gfortran -v -Wl,-v CMakeFiles/cmTC_12704.dir/CMakeFortranCompilerABI.F.o -o cmTC_12704 -mmacosx-version-min=10.12.6 -asm_macosx_version_min=10.12 -l gfortran -shared-libgcc
Using built-in specs.
COLLECT_GCC=/usr/local/bin/gfortran
COLLECT_LTO_WRAPPER=/usr/local/libexec/gcc/x86_64-apple-darwin15.6.0/6.3.0/lto-wrapper
Target: x86_64-apple-darwin15.6.0
Configured with: ../gcc-6.3.0/configure --enable-languages=c++,fortran
Thread model: posix
gcc version 6.3.0 (GCC) 
Reading specs from /usr/local/lib/gcc/x86_64-apple-darwin15.6.0/6.3.0/../../../libgfortran.spec
rename spec lib to liborig
COLLECT_GCC_OPTIONS='-v' '-o' 'cmTC_12704' '-mmacosx-version-min=10.12.6' '-asm_macosx_version_min=10.12' '-shared-libgcc' '-mtune=core2'
COMPILER_PATH=/usr/local/libexec/gcc/x86_64-apple-darwin15.6.0/6.3.0/:/usr/local/libexec/gcc/x86_64-apple-darwin15.6.0/6.3.0/:/usr/local/libexec/gcc/x86_64-apple-darwin15.6.0/:/usr/local/lib/gcc/x86_64-apple-darwin15.6.0/6.3.0/:/usr/local/lib/gcc/x86_64-apple-darwin15.6.0/
LIBRARY_PATH=/usr/local/lib/gcc/x86_64-apple-darwin15.6.0/6.3.0/:/usr/local/lib/gcc/x86_64-apple-darwin15.6.0/6.3.0/../../../
COLLECT_GCC_OPTIONS='-v' '-o' 'cmTC_12704' '-mmacosx-version-min=10.12.6' '-asm_macosx_version_min=10.12' '-shared-libgcc' '-mtune=core2'
 /usr/local/libexec/gcc/x86_64-apple-darwin15.6.0/6.3.0/collect2 -dynamic -arch x86_64 -macosx_version_min 10.12.6 -weak_reference_mismatches non-weak -o cmTC_12704 -L/usr/local/lib/gcc/x86_64-apple-darwin15.6.0/6.3.0 -L/usr/local/lib/gcc/x86_64-apple-darwin15.6.0/6.3.0/../../.. -v CMakeFiles/cmTC_12704.dir/CMakeFortranCompilerABI.F.o -lgfortran -no_compact_unwind -lSystem -lgcc_ext.10.5 -lgcc -lquadmath -lm -lgcc_ext.10.5 -lgcc -lSystem -v
collect2 version 6.3.0
/usr/bin/ld -dynamic -arch x86_64 -macosx_version_min 10.12.6 -weak_reference_mismatches non-weak -o cmTC_12704 -L/usr/local/lib/gcc/x86_64-apple-darwin15.6.0/6.3.0 -L/usr/local/lib/gcc/x86_64-apple-darwin15.6.0/6.3.0/../../.. -v CMakeFiles/cmTC_12704.dir/CMakeFortranCompilerABI.F.o -lgfortran -no_compact_unwind -lSystem -lgcc_ext.10.5 -lgcc -lquadmath -lm -lgcc_ext.10.5 -lgcc -lSystem -v
@(#)PROGRAM:ld  PROJECT:ld64-278.4
configured to support archs: armv6 armv7 armv7s arm64 i386 x86_64 x86_64h armv6m armv7k armv7m armv7em (tvOS)
@(#)PROGRAM:ld  PROJECT:ld64-278.4
configured to support archs: armv6 armv7 armv7s arm64 i386 x86_64 x86_64h armv6m armv7k armv7m armv7em (tvOS)
Library search paths:
	/usr/local/lib/gcc/x86_64-apple-darwin15.6.0/6.3.0
	/usr/local/lib
	/usr/lib
	/usr/local/lib
Framework search paths:
	/Library/Frameworks/
	/System/Library/Frameworks/


Parsed Fortran implicit link information from above output:
  link line regex: [^( *|.*[/\])(ld|([^/\]+-)?ld|collect2)[^/\]*( |$)]
  ignore line: [Change Dir: /Users/eirikkjonstad/Documents/eT_mast/build/CMakeFiles/CMakeTmp]
  ignore line: []
  ignore line: [Run Build Command:"/usr/bin/make" "cmTC_12704/fast"]
  ignore line: [/Applications/Xcode.app/Contents/Developer/usr/bin/make -f CMakeFiles/cmTC_12704.dir/build.make CMakeFiles/cmTC_12704.dir/build]
  ignore line: [Building Fortran object CMakeFiles/cmTC_12704.dir/CMakeFortranCompilerABI.F.o]
  ignore line: [/usr/local/bin/gfortran     -c /usr/local/Cellar/cmake/3.7.2/share/cmake/Modules/CMakeFortranCompilerABI.F -o CMakeFiles/cmTC_12704.dir/CMakeFortranCompilerABI.F.o]
  ignore line: [Linking Fortran executable cmTC_12704]
  ignore line: [/usr/local/Cellar/cmake/3.7.2/bin/cmake -E cmake_link_script CMakeFiles/cmTC_12704.dir/link.txt --verbose=1]
  ignore line: [/usr/local/bin/gfortran    -v -Wl,-v   CMakeFiles/cmTC_12704.dir/CMakeFortranCompilerABI.F.o  -o cmTC_12704   ]
  ignore line: [Driving: /usr/local/bin/gfortran -v -Wl,-v CMakeFiles/cmTC_12704.dir/CMakeFortranCompilerABI.F.o -o cmTC_12704 -mmacosx-version-min=10.12.6 -asm_macosx_version_min=10.12 -l gfortran -shared-libgcc]
  ignore line: [Using built-in specs.]
  ignore line: [COLLECT_GCC=/usr/local/bin/gfortran]
  ignore line: [COLLECT_LTO_WRAPPER=/usr/local/libexec/gcc/x86_64-apple-darwin15.6.0/6.3.0/lto-wrapper]
  ignore line: [Target: x86_64-apple-darwin15.6.0]
  ignore line: [Configured with: ../gcc-6.3.0/configure --enable-languages=c++,fortran]
  ignore line: [Thread model: posix]
  ignore line: [gcc version 6.3.0 (GCC) ]
  ignore line: [Reading specs from /usr/local/lib/gcc/x86_64-apple-darwin15.6.0/6.3.0/../../../libgfortran.spec]
  ignore line: [rename spec lib to liborig]
  ignore line: [COLLECT_GCC_OPTIONS='-v' '-o' 'cmTC_12704' '-mmacosx-version-min=10.12.6' '-asm_macosx_version_min=10.12' '-shared-libgcc' '-mtune=core2']
  ignore line: [COMPILER_PATH=/usr/local/libexec/gcc/x86_64-apple-darwin15.6.0/6.3.0/:/usr/local/libexec/gcc/x86_64-apple-darwin15.6.0/6.3.0/:/usr/local/libexec/gcc/x86_64-apple-darwin15.6.0/:/usr/local/lib/gcc/x86_64-apple-darwin15.6.0/6.3.0/:/usr/local/lib/gcc/x86_64-apple-darwin15.6.0/]
  ignore line: [LIBRARY_PATH=/usr/local/lib/gcc/x86_64-apple-darwin15.6.0/6.3.0/:/usr/local/lib/gcc/x86_64-apple-darwin15.6.0/6.3.0/../../../]
  ignore line: [COLLECT_GCC_OPTIONS='-v' '-o' 'cmTC_12704' '-mmacosx-version-min=10.12.6' '-asm_macosx_version_min=10.12' '-shared-libgcc' '-mtune=core2']
  link line: [ /usr/local/libexec/gcc/x86_64-apple-darwin15.6.0/6.3.0/collect2 -dynamic -arch x86_64 -macosx_version_min 10.12.6 -weak_reference_mismatches non-weak -o cmTC_12704 -L/usr/local/lib/gcc/x86_64-apple-darwin15.6.0/6.3.0 -L/usr/local/lib/gcc/x86_64-apple-darwin15.6.0/6.3.0/../../.. -v CMakeFiles/cmTC_12704.dir/CMakeFortranCompilerABI.F.o -lgfortran -no_compact_unwind -lSystem -lgcc_ext.10.5 -lgcc -lquadmath -lm -lgcc_ext.10.5 -lgcc -lSystem -v]
    arg [/usr/local/libexec/gcc/x86_64-apple-darwin15.6.0/6.3.0/collect2] ==> ignore
    arg [-dynamic] ==> ignore
    arg [-arch] ==> ignore
    arg [x86_64] ==> ignore
    arg [-macosx_version_min] ==> ignore
    arg [10.12.6] ==> ignore
    arg [-weak_reference_mismatches] ==> ignore
    arg [non-weak] ==> ignore
    arg [-o] ==> ignore
    arg [cmTC_12704] ==> ignore
    arg [-L/usr/local/lib/gcc/x86_64-apple-darwin15.6.0/6.3.0] ==> dir [/usr/local/lib/gcc/x86_64-apple-darwin15.6.0/6.3.0]
    arg [-L/usr/local/lib/gcc/x86_64-apple-darwin15.6.0/6.3.0/../../..] ==> dir [/usr/local/lib/gcc/x86_64-apple-darwin15.6.0/6.3.0/../../..]
    arg [-v] ==> ignore
    arg [CMakeFiles/cmTC_12704.dir/CMakeFortranCompilerABI.F.o] ==> ignore
    arg [-lgfortran] ==> lib [gfortran]
    arg [-no_compact_unwind] ==> ignore
    arg [-lSystem] ==> lib [System]
    arg [-lgcc_ext.10.5] ==> lib [gcc_ext.10.5]
    arg [-lgcc] ==> lib [gcc]
    arg [-lquadmath] ==> lib [quadmath]
    arg [-lm] ==> lib [m]
    arg [-lgcc_ext.10.5] ==> lib [gcc_ext.10.5]
    arg [-lgcc] ==> lib [gcc]
    arg [-lSystem] ==> lib [System]
    arg [-v] ==> ignore
  Library search paths: [;/usr/local/lib/gcc/x86_64-apple-darwin15.6.0/6.3.0;/usr/local/lib;/usr/lib;/usr/local/lib]
  Framework search paths: [;/Library/Frameworks/;/System/Library/Frameworks/]
  remove lib [System]
  remove lib [gcc_ext.10.5]
  remove lib [gcc]
  remove lib [gcc_ext.10.5]
  remove lib [gcc]
  remove lib [System]
  collapse library dir [/usr/local/lib/gcc/x86_64-apple-darwin15.6.0/6.3.0] ==> [/usr/local/lib/gcc/x86_64-apple-darwin15.6.0/6.3.0]
  collapse library dir [/usr/local/lib/gcc/x86_64-apple-darwin15.6.0/6.3.0/../../..] ==> [/usr/local/lib]
  collapse library dir [/usr/local/lib/gcc/x86_64-apple-darwin15.6.0/6.3.0] ==> [/usr/local/lib/gcc/x86_64-apple-darwin15.6.0/6.3.0]
  collapse library dir [/usr/local/lib] ==> [/usr/local/lib]
  collapse library dir [/usr/lib] ==> [/usr/lib]
  collapse library dir [/usr/local/lib] ==> [/usr/local/lib]
  collapse framework dir [/Library/Frameworks/] ==> [/Library/Frameworks]
  collapse framework dir [/System/Library/Frameworks/] ==> [/System/Library/Frameworks]
  implicit libs: [gfortran;quadmath;m]
  implicit dirs: [/usr/local/lib/gcc/x86_64-apple-darwin15.6.0/6.3.0;/usr/local/lib;/usr/lib]
  implicit fwks: [/Library/Frameworks;/System/Library/Frameworks]


Determining if the Fortran compiler supports Fortran 90 passed with the following output:
Change Dir: /Users/eirikkjonstad/Documents/eT_mast/build/CMakeFiles/CMakeTmp

Run Build Command:"/usr/bin/make" "cmTC_19d67/fast"
/Applications/Xcode.app/Contents/Developer/usr/bin/make -f CMakeFiles/cmTC_19d67.dir/build.make CMakeFiles/cmTC_19d67.dir/build
Building Fortran object CMakeFiles/cmTC_19d67.dir/testFortranCompilerF90.f90.o
/usr/local/bin/gfortran     -c /Users/eirikkjonstad/Documents/eT_mast/build/CMakeFiles/CMakeTmp/testFortranCompilerF90.f90 -o CMakeFiles/cmTC_19d67.dir/testFortranCompilerF90.f90.o
Linking Fortran executable cmTC_19d67
/usr/local/Cellar/cmake/3.7.2/bin/cmake -E cmake_link_script CMakeFiles/cmTC_19d67.dir/link.txt --verbose=1
/usr/local/bin/gfortran       CMakeFiles/cmTC_19d67.dir/testFortranCompilerF90.f90.o  -o cmTC_19d67  


Determining if the Fortran dgemm exists passed with the following output:
Change Dir: /Users/eirikkjonstad/Documents/eT_mast/build/CMakeFiles/CMakeTmp

Run Build Command:"/usr/bin/make" "cmTC_41b85/fast"
/Applications/Xcode.app/Contents/Developer/usr/bin/make -f CMakeFiles/cmTC_41b85.dir/build.make CMakeFiles/cmTC_41b85.dir/build
Building Fortran object CMakeFiles/cmTC_41b85.dir/testFortranCompiler.f.o
/usr/local/bin/gfortran    -DVAR_GFORTRAN -ffloat-store -fcray-pointer -finit-local-zero -m64 -fdefault-integer-8    -c /Users/eirikkjonstad/Documents/eT_mast/build/CMakeFiles/CMakeTmp/testFortranCompiler.f -o CMakeFiles/cmTC_41b85.dir/testFortranCompiler.f.o
Linking Fortran executable cmTC_41b85
/usr/local/Cellar/cmake/3.7.2/bin/cmake -E cmake_link_script CMakeFiles/cmTC_41b85.dir/link.txt --verbose=1
/usr/local/bin/gfortran     -DVAR_GFORTRAN -ffloat-store -fcray-pointer -finit-local-zero -m64 -fdefault-integer-8  CMakeFiles/cmTC_41b85.dir/testFortranCompiler.f.o  -o cmTC_41b85  -framework Accelerate 


Determining if the Fortran cheev exists passed with the following output:
Change Dir: /Users/eirikkjonstad/Documents/eT_mast/build/CMakeFiles/CMakeTmp

Run Build Command:"/usr/bin/make" "cmTC_d084e/fast"
/Applications/Xcode.app/Contents/Developer/usr/bin/make -f CMakeFiles/cmTC_d084e.dir/build.make CMakeFiles/cmTC_d084e.dir/build
Building Fortran object CMakeFiles/cmTC_d084e.dir/testFortranCompiler.f.o
/usr/local/bin/gfortran    -DVAR_GFORTRAN -ffloat-store -fcray-pointer -finit-local-zero -m64 -fdefault-integer-8    -c /Users/eirikkjonstad/Documents/eT_mast/build/CMakeFiles/CMakeTmp/testFortranCompiler.f -o CMakeFiles/cmTC_d084e.dir/testFortranCompiler.f.o
Linking Fortran executable cmTC_d084e
/usr/local/Cellar/cmake/3.7.2/bin/cmake -E cmake_link_script CMakeFiles/cmTC_d084e.dir/link.txt --verbose=1
/usr/local/bin/gfortran     -DVAR_GFORTRAN -ffloat-store -fcray-pointer -finit-local-zero -m64 -fdefault-integer-8  CMakeFiles/cmTC_d084e.dir/testFortranCompiler.f.o  -o cmTC_d084e  -framework Accelerate -framework Accelerate 


