


               eT - a coupled cluster program
           S. D. Folkestad, E. F. Kjønstad, 2017-2018



  Initializing UHF wavefunction.

  Requested fractional uniform valence. Valence electrons will be
  distributed evenly in the highest molecular orbitals (if plural).

  :: Direct-integral Hartree-Fock self-consistent field solver
  :: E. F. Kjønstad, S. D. Folkestad, 2018

  A Roothan-Hall self-consistent field solver. In each iteration,
  the Roothan-Hall equation (or equations for unrestricted HF theory)
  are solved to provide the next orbital coefficients. From the new
  orbitals, a new density provides the next Fock matrix. The cycle
  repeats until the solution is self-consistent (as measured by
  the energy change).

  Iteration    Energy (a.u.)        Delta E (a.u.)
  ------------------------------------------------
    1            -2.552222188666    0.2552E+01
    2            -2.858842162160    0.3066E+00
    3            -2.861476147957    0.2634E-02
    4            -2.861520568820    0.4442E-04
    5            -2.861521938773    0.1370E-05
    6            -2.861521993137    0.5436E-07
    7            -2.861521995518    0.2381E-08
    8            -2.861521995627    0.1095E-09
    9            -2.861521995632    0.5176E-11
   10            -2.861521995632    0.2500E-12
  ------------------------------------------------

  Converged in  10 iterations!

