


               eT - a coupled cluster program
           S. D. Folkestad, E. F. Kjønstad, 2017-2018



  Initializing UHF wavefunction.

  Requested fractional uniform valence. Valence electrons will be
  distributed evenly in the highest molecular orbitals (if plural).

  :: Direct-integral Hartree-Fock self-consistent field solver
  :: E. F. Kjønstad, S. D. Folkestad, 2018

  A Roothan-Hall self-consistent field solver. In each iteration,
  the Roothan-Hall equation (or equations for unrestricted HF theory)
  are solved to provide the next orbital coefficients. From the new
  orbitals, a new density provides the next Fock matrix. The cycle
  repeats until the solution is self-consistent (as measured by
  the energy change).

  Iteration    Energy (a.u.)        Delta E (a.u.)
  ------------------------------------------------
    1            -6.437331873647    0.6437E+01
    2            -7.328522233296    0.8912E+00
    3            -7.415631359381    0.8711E-01
    4            -7.429396357299    0.1376E-01
    5            -7.432003598262    0.2607E-02
    6            -7.432553615370    0.5500E-03
    7            -7.432679055497    0.1254E-03
    8            -7.432708989441    0.2993E-04
    9            -7.432716305945    0.7317E-05
   10            -7.432718116257    0.1810E-05
   11            -7.432718566947    0.4507E-06
   12            -7.432718679496    0.1125E-06
   13            -7.432718707646    0.2815E-07
   14            -7.432718714693    0.7046E-08
   15            -7.432718716457    0.1764E-08
   16            -7.432718716899    0.4419E-09
   17            -7.432718717010    0.1107E-09
   18            -7.432718717038    0.2774E-10
   19            -7.432718717044    0.6929E-11
   20            -7.432718717046    0.1750E-11
   21            -7.432718717047    0.4263E-12
  ------------------------------------------------

  Converged in  21 iterations!

