


               eT - a coupled cluster program
           S. D. Folkestad, E. F. Kjønstad, 2017-2018



  Initializing UHF wavefunction.

  Requested fractional uniform valence. Valence electrons will be
  distributed evenly in the highest molecular orbitals (if plural).

  :: Direct-integral Hartree-Fock self-consistent field solver
  :: E. F. Kjønstad, S. D. Folkestad, 2018

  A Roothan-Hall self-consistent field solver. In each iteration,
  the Roothan-Hall equation (or equations for unrestricted HF theory)
  are solved to provide the next orbital coefficients. From the new
  orbitals, a new density provides the next Fock matrix. The cycle
  repeats until the solution is self-consistent (as measured by
  the energy change).

  Initial AO density is core.

     Energy of initial guess:       -32.487586253278
     Number of electrons in guess:    6.000000000000

  Iteration    Energy (a.u.)        Delta E (a.u.)
  ------------------------------------------------
    1           -36.212181769665    0.3621E+02
    2           -37.427562719470    0.1215E+01
    3           -37.527289100002    0.9973E-01
    4           -37.530454903397    0.3166E-02
    5           -37.530586780894    0.1319E-03
    6           -37.530599356254    0.1258E-04
    7           -37.530601553998    0.2198E-05
    8           -37.530602012983    0.4590E-06
    9           -37.530602113461    0.1005E-06
   10           -37.530602135788    0.2233E-07
   11           -37.530602140776    0.4989E-08
   12           -37.530602141893    0.1117E-08
   13           -37.530602142144    0.2503E-09
   14           -37.530602142200    0.5615E-10
   15           -37.530602142212    0.1258E-10
   16           -37.530602142215    0.2800E-11
   17           -37.530602142216    0.5898E-12
  ------------------------------------------------

  Converged criterion met in  17 iterations!

  Final UHF energetics (a.u.):

     Nuclear repulsion energy:    0.000000000000
     Total electronic energy:   -37.530602142216

     Alpha orbital energies:

       1  -11.407612741229    2   -0.849277401132    3   -0.288256233117
       4   -0.288256233117    5   -0.288256233117    6    0.301935763690
       7    0.325464344071    8    0.325464344071    9    0.325464344071
      10    0.600469794560   11    0.600469794560   12    0.600469794560
      13    0.600469794560   14    0.600469794560   15    1.475495768931
      16    1.475495768931   17    1.475495768931   18    1.875668496887
      19    1.875668496887   20    1.875668496887   21    1.875668496887
      22    1.875668496887   23    1.875668496887   24    1.875668496887
      25    1.889366526247   26    2.042096757427   27    2.042096757427
      28    2.042096757427   29    2.042096757427   30    2.042096757427
      31    5.065999856289   32    5.065999856289   33    5.065999856289
      34    5.065999856289   35    5.065999856289   36    5.065999856289
      37    5.065999856289   38    5.065999856289   39    5.065999856289
      40    5.678474238088   41    5.678474238088   42    5.678474238088
      43    6.187059609665   44    6.187059609665   45    6.187059609665
      46    6.187059609665   47    6.187059609665   48    6.187059609665
      49    6.187059609665   50    6.223618135157   51    6.223618135157
      52    6.223618135157   53    6.223618135157   54    6.223618135157
      55   20.110241224305

     Beta orbital energies:

       1  -11.369367766726    2   -0.618812078021    3    0.077914135975
       4    0.077914135975    5    0.077914135975    6    0.343125245927
       7    0.406702950440    8    0.406702950440    9    0.406702950440
      10    0.657819116817   11    0.657819116817   12    0.657819116817
      13    0.657819116817   14    0.657819116817   15    1.554464619008
      16    1.554464619008   17    1.554464619008   18    1.919087758251
      19    1.919087758251   20    1.919087758251   21    1.919087758251
      22    1.919087758251   23    1.919087758251   24    1.919087758251
      25    1.952079842544   26    2.128154327050   27    2.128154327050
      28    2.128154327050   29    2.128154327050   30    2.128154327050
      31    5.103705461884   32    5.103705461884   33    5.103705461884
      34    5.103705461884   35    5.103705461884   36    5.103705461884
      37    5.103705461884   38    5.103705461884   39    5.103705461884
      40    5.730709144817   41    5.730709144817   42    5.730709144817
      43    6.239740133272   44    6.239740133272   45    6.239740133272
      46    6.239740133272   47    6.239740133272   48    6.239740133272
      49    6.239740133272   50    6.285659478596   51    6.285659478596
      52    6.285659478596   53    6.285659478596   54    6.285659478596
      55   20.137661418406

  eT terminated successfully!
