


               eT - a coupled cluster program
           S. D. Folkestad, E. F. Kjønstad, 2017-2018



  Initializing UHF wavefunction.

  Requested fractional uniform valence. Valence electrons will be
  distributed evenly in the highest molecular orbitals (if plural).

  :: Direct-integral Hartree-Fock self-consistent field solver
  :: E. F. Kjønstad, S. D. Folkestad, 2018

  A Roothan-Hall self-consistent field solver. In each iteration,
  the Roothan-Hall equation (or equations for unrestricted HF theory)
  are solved to provide the next orbital coefficients. From the new
  orbitals, a new density provides the next Fock matrix. The cycle
  repeats until the solution is self-consistent (as measured by
  the energy change).

  Initial AO density is core.

     Energy of initial guess:      -437.891601410398
     Number of electrons in guess:   17.000000000000

  Iteration    Energy (a.u.)        Delta E (a.u.)
  ------------------------------------------------
    1          -453.706220678735    0.4537E+03
    2          -458.303927913625    0.4598E+01
    3          -459.214385250928    0.9105E+00
    4          -459.327390842346    0.1130E+00
    5          -459.337729607463    0.1034E-01
    6          -459.338586206550    0.8566E-03
    7          -459.338656904429    0.7070E-04
    8          -459.338662744726    0.5840E-05
    9          -459.338663230554    0.4858E-06
   10          -459.338663271682    0.4113E-07
   11          -459.338663275339    0.3658E-08
   12          -459.338663275708    0.3685E-09
   13          -459.338663275755    0.4769E-10
   14          -459.338663275763    0.7731E-11
   15          -459.338663275765    0.1933E-11
   16          -459.338663275765    0.5684E-13
  ------------------------------------------------

  Converged criterion met in  16 iterations!

  Final UHF energetics (a.u.):

     Nuclear repulsion energy:    0.000000000000
     Total electronic energy:  -459.338663275765

     Alpha orbital energies:

       1 -104.919715111998    2  -10.639700597060    3   -8.109887166734
       4   -8.109887166734    5   -8.109887166734    6   -1.155057199081
       7   -0.545203092312    8   -0.545203092312    9   -0.545203092312
      10    0.331777074763   11    0.331777074764   12    0.331777074764
      13    0.387420283110   14    0.473822318073   15    0.473822318073
      16    0.473822318073   17    0.473822318073   18    0.473822318073
      19    1.497144937317   20    1.497144937317   21    1.497144937317
      22    1.497144937317   23    1.497144937317   24    1.509810104265
      25    1.509810104265   26    1.509810104265   27    1.509810104265
      28    1.509810104265   29    1.509810104265   30    1.509810104265
      31    1.606765832783   32    1.606765832783   33    1.606765832783
      34    2.350225586763   35    3.872108524706   36    3.872108524707
      37    3.872108524707   38    3.872108524707   39    3.872108524707
      40    3.872108524707   41    3.872108524707   42    3.872108524707
      43    3.872108524707   44    4.067574742851   45    4.067574742851
      46    4.067574742851   47    4.067574742851   48    4.067574742851
      49    4.222911521287   50    4.222911521287   51    4.222911521287
      52    4.222911521287   53    4.222911521287   54    4.222911521287
      55    4.222911521287   56    5.924483695681   57    5.924483695682
      58    5.924483695686   59   21.873727294642

     Beta orbital energies:

       1 -104.905548588389    2  -10.625251062694    3   -8.084551162144
       4   -8.084551162144    5   -8.084551162144    6   -1.016483938050
       7   -0.332355821629    8   -0.332355821629    9   -0.332355821629
      10    0.352618693725   11    0.352618693725   12    0.352618693725
      13    0.400974846165   14    0.516158652408   15    0.516158652408
      16    0.516158652408   17    0.516158652408   18    0.516158652408
      19    1.531843696470   20    1.531843696470   21    1.531843696470
      22    1.531843696470   23    1.531843696470   24    1.531843696470
      25    1.531843696470   26    1.540260029988   27    1.540260029988
      28    1.540260029988   29    1.540260029988   30    1.540260029988
      31    1.642558547941   32    1.642558547941   33    1.642558547941
      34    2.379507861227   35    3.895937710571   36    3.895937710571
      37    3.895937710571   38    3.895937710571   39    3.895937710571
      40    3.895937710571   41    3.895937710571   42    3.895937710571
      43    3.895937710571   44    4.085008797781   45    4.085008797781
      46    4.085008797781   47    4.085008797781   48    4.085008797781
      49    4.254970267944   50    4.254970267944   51    4.254970267944
      52    4.254970267944   53    4.254970267944   54    4.254970267944
      55    4.254970267944   56    5.951266609996   57    5.951266609999
      58    5.951266610002   59   21.890770224881

  eT terminated successfully!
