


               eT - a coupled cluster program
           S. D. Folkestad, E. F. Kjønstad, 2017-2018



  Initializing UHF wavefunction.

  Requested fractional uniform valence. Valence electrons will be
  distributed evenly in the highest molecular orbitals (if plural).

  :: Direct-integral Hartree-Fock self-consistent field solver
  :: E. F. Kjønstad, S. D. Folkestad, 2018

  A Roothan-Hall self-consistent field solver. In each iteration,
  the Roothan-Hall equation (or equations for unrestricted HF theory)
  are solved to provide the next orbital coefficients. From the new
  orbitals, a new density provides the next Fock matrix. The cycle
  repeats until the solution is self-consistent (as measured by
  the energy change).

  Initial AO density is core.

     Energy of initial guess:       -86.038670240839
     Number of electrons in guess:    9.000000000000

  Iteration    Energy (a.u.)        Delta E (a.u.)
  ------------------------------------------------
    1           -92.623026727801    0.9262E+02
    2           -97.353021962268    0.4730E+01
    3           -98.500985418962    0.1148E+01
    4           -98.991768071834    0.4908E+00
    5           -99.115671373827    0.1239E+00
    6           -99.149780858134    0.3411E-01
    7           -99.158205487634    0.8425E-02
    8           -99.160354794806    0.2149E-02
    9           -99.160891053105    0.5363E-03
   10           -99.161026119021    0.1351E-03
   11           -99.161059960459    0.3384E-04
   12           -99.161068460426    0.8500E-05
   13           -99.161070592625    0.2132E-05
   14           -99.161071127817    0.5352E-06
   15           -99.161071262111    0.1343E-06
   16           -99.161071295814    0.3370E-07
   17           -99.161071304272    0.8458E-08
   18           -99.161071306394    0.2123E-08
   19           -99.161071306927    0.5326E-09
   20           -99.161071307060    0.1336E-09
   21           -99.161071307094    0.3362E-10
   22           -99.161071307102    0.8370E-11
   23           -99.161071307105    0.2160E-11
   24           -99.161071307105    0.5684E-12
  ------------------------------------------------

  Converged criterion met in  24 iterations!

  Final UHF energetics (a.u.):

     Nuclear repulsion energy:    0.000000000000
     Total electronic energy:   -99.161071307105

     Alpha orbital energies:

       1  -26.477292650110    2   -1.714659506367    3   -0.812700971254
       4   -0.812700971254    5   -0.812700971254    6    0.645360678955
       7    0.645360678955    8    0.645360678955    9    0.727571513839
      10    1.552202340917   11    1.552202340917   12    1.552202340917
      13    1.552202340917   14    1.552202340917   15    3.155094597213
      16    3.155094597213   17    3.155094597213   18    4.453077279521
      19    4.453077279521   20    4.453077279521   21    4.453077279521
      22    4.453077279521   23    4.453077279521   24    4.453077279521
      25    4.554155553756   26    5.247994043237   27    5.247994043237
      28    5.247994043237   29    5.247994043237   30    5.247994043237
      31   11.850190539433   32   11.850190539433   33   11.850190539433
      34   11.850190539433   35   11.850190539433   36   11.850190539433
      37   11.850190539433   38   11.850190539433   39   11.850190539433
      40   12.731704443796   41   12.731704443796   42   12.731704443796
      43   15.075268873832   44   15.075268873832   45   15.075268873832
      46   15.075268873832   47   15.075268873832   48   15.075268873832
      49   15.075268873832   50   16.286648210833   51   16.286648210833
      52   16.286648210833   53   16.286648210833   54   16.286648210833
      55   52.342078458814

     Beta orbital energies:

       1  -26.412811009599    2   -1.489419552895    3   -0.427694470451
       4   -0.427694470451    5   -0.427694470451    6    0.696797007087
       7    0.696797007088    8    0.696797007088    9    0.752880555245
      10    1.583641211830   11    1.583641211830   12    1.583641211830
      13    1.583641211830   14    1.583641211830   15    3.241948133125
      16    3.241948133125   17    3.241948133125   18    4.481226896117
      19    4.481226896117   20    4.481226896117   21    4.481226896117
      22    4.481226896117   23    4.481226896117   24    4.481226896117
      25    4.625533770388   26    5.343094707225   27    5.343094707225
      28    5.343094707225   29    5.343094707225   30    5.343094707225
      31   11.884059253006   32   11.884059253006   33   11.884059253006
      34   11.884059253006   35   11.884059253006   36   11.884059253006
      37   11.884059253006   38   11.884059253006   39   11.884059253006
      40   12.803911617787   41   12.803911617787   42   12.803911617787
      43   15.138204331433   44   15.138204331433   45   15.138204331433
      46   15.138204331433   47   15.138204331433   48   15.138204331433
      49   15.138204331433   50   16.366466187578   51   16.366466187578
      52   16.366466187578   53   16.366466187578   54   16.366466187578
      55   52.380860311980

  eT terminated successfully!
