


               eT - a coupled cluster program
           S. D. Folkestad, E. F. Kjønstad, 2017-2018



  Initializing UHF wavefunction.

  Requested fractional uniform valence. Valence electrons will be
  distributed evenly in the highest molecular orbitals (if plural).

  :: Direct-integral Hartree-Fock self-consistent field solver
  :: E. F. Kjønstad, S. D. Folkestad, 2018

  A Roothan-Hall self-consistent field solver. In each iteration,
  the Roothan-Hall equation (or equations for unrestricted HF theory)
  are solved to provide the next orbital coefficients. From the new
  orbitals, a new density provides the next Fock matrix. The cycle
  repeats until the solution is self-consistent (as measured by
  the energy change).

  Initial AO density is core.

     Energy of initial guess:        -0.499945568583
     Number of electrons in guess:    1.000000000000

  Iteration    Energy (a.u.)        Delta E (a.u.)
  ------------------------------------------------
    1            -0.499945568583    0.4999E+00
    2            -0.499945568583    0.5551E-15
  ------------------------------------------------

  Converged criterion met in   2 iterations!

  Final UHF energetics (a.u.):

     Nuclear repulsion energy:    0.000000000000
     Total electronic energy:    -0.499945568583

     Alpha orbital energies:

       1   -0.499945568583    2    0.267390087027    3    0.531934614467
       4    0.531934614467    5    0.531934614467    6    1.491511738712
       7    2.068159997305    8    2.068159997305    9    2.068159997305
      10    2.068159997305   11    2.068159997305   12    2.350202168112
      13    2.350202168112   14    2.350202168112   15    6.055038219751
      16    6.055038219751   17    6.055038219751   18    6.055038219751
      19    6.055038219751   20    6.055038219751   21    6.055038219751
      22    7.297110214142   23    7.763351819081   24    7.763351819081
      25    7.763351819081   26    8.120892526176   27    8.120892526176
      28    8.120892526176   29    8.120892526176   30    8.120892526176


     Beta orbital energies:

       1    0.048258484259    2    0.390589045041    3    0.607678400871
       4    0.607678400871    5    0.607678400871    6    1.612929624000
       7    2.112950871170    8    2.112950871170    9    2.112950871170
      10    2.112950871170   11    2.112950871170   12    2.431999009489
      13    2.431999009489   14    2.431999009489   15    6.086744088347
      16    6.086744088347   17    6.086744088347   18    6.086744088347
      19    6.086744088347   20    6.086744088347   21    6.086744088347
      22    7.380432077924   23    7.823070161200   24    7.823070161200
      25    7.823070161200   26    8.165038573244   27    8.165038573244
      28    8.165038573244   29    8.165038573244   30    8.165038573244


  eT terminated successfully!
