


               eT - a coupled cluster program
           S. D. Folkestad, E. F. Kjønstad, 2017-2018



  Initializing UHF wavefunction.

  Requested fractional uniform valence. Valence electrons will be
  distributed evenly in the highest molecular orbitals (if plural).

  :: Direct-integral Hartree-Fock self-consistent field solver
  :: E. F. Kjønstad, S. D. Folkestad, 2018

  A Roothan-Hall self-consistent field solver. In each iteration,
  the Roothan-Hall equation (or equations for unrestricted HF theory)
  are solved to provide the next orbital coefficients. From the new
  orbitals, a new density provides the next Fock matrix. The cycle
  repeats until the solution is self-consistent (as measured by
  the energy change).

  Initial AO density is core.

     Energy of initial guess:      -159.715987089372
     Number of electrons in guess:   11.000000000000

  Iteration    Energy (a.u.)        Delta E (a.u.)
  ------------------------------------------------
    1          -161.788425959620    0.1618E+03
    2          -161.846029417474    0.5760E-01
    3          -161.855683254478    0.9654E-02
    4          -161.857963596392    0.2280E-02
    5          -161.858526436010    0.5628E-03
    6          -161.858668654527    0.1422E-03
    7          -161.858705073702    0.3642E-04
    8          -161.858714468298    0.9395E-05
    9          -161.858716901096    0.2433E-05
   10          -161.858717532353    0.6313E-06
   11          -161.858717696318    0.1640E-06
   12          -161.858717738929    0.4261E-07
   13          -161.858717750006    0.1108E-07
   14          -161.858717752886    0.2880E-08
   15          -161.858717753635    0.7488E-09
   16          -161.858717753829    0.1946E-09
   17          -161.858717753880    0.5062E-10
   18          -161.858717753893    0.1299E-10
   19          -161.858717753896    0.3411E-11
   20          -161.858717753897    0.9379E-12
  ------------------------------------------------

  Converged criterion met in  20 iterations!

  Final UHF energetics (a.u.):

     Nuclear repulsion energy:    0.000000000000
     Total electronic energy:  -161.858717753897

     Alpha orbital energies:

       1  -40.479916540434    2   -2.800522086490    3   -1.519138502643
       4   -1.519138502643    5   -1.519138502643    6   -0.182188960770
       7    0.016818822850    8    0.016818822850    9    0.016818822850
      10    0.043127389164   11    0.068476707359   12    0.068476707359
      13    0.068476707359   14    0.120263326048   15    0.120263326048
      16    0.120263326048   17    0.120263326048   18    0.120263326048
      19    0.224246172881   20    0.237551754340   21    0.237551754340
      22    0.237551754340   23    0.344487469690   24    0.344487469690
      25    0.344487469690   26    0.344487469690   27    0.344487469690
      28    0.384223967042   29    0.384223967042   30    0.384223967042
      31    0.384223967042   32    0.384223967042   33    0.384223967042
      34    0.384223967042   35    0.762121509712   36    0.762121509712
      37    0.762121509712   38    0.762121509712   39    0.762121509712
      40    0.888076532794   41    0.888076532795   42    0.888076532795
      43    0.891284572820   44    0.891284572820   45    0.891284572820
      46    0.891284572820   47    0.891284572820   48    0.891284572820
      49    0.891284572820   50    0.891284572820   51    0.891284572820
      52    1.030746358281   53    1.030746358281   54    1.030746358281
      55    1.030746358281   56    1.030746358281   57    1.030746358281
      58    1.030746358281   59    1.956747137505

     Beta orbital energies:

       1  -40.477245197665    2   -2.793508686832    3   -1.517021112489
       4   -1.517021112489    5   -1.517021112489    6    0.009911614726
       7    0.026818636015    8    0.026818636015    9    0.026818636015
      10    0.068869433308   11    0.092838146051   12    0.092838146051
      13    0.092838146051   14    0.129626751445   15    0.129626751445
      16    0.129626751445   17    0.129626751445   18    0.129626751445
      19    0.253106577371   20    0.260646168134   21    0.260646168134
      22    0.260646168134   23    0.359928623324   24    0.359928623324
      25    0.359928623324   26    0.359928623324   27    0.359928623324
      28    0.394466458288   29    0.394466458288   30    0.394466458288
      31    0.394466458288   32    0.394466458288   33    0.394466458288
      34    0.394466458288   35    0.772957298467   36    0.772957298467
      37    0.772957298467   38    0.772957298467   39    0.772957298467
      40    0.900296630870   41    0.900296630870   42    0.900296630870
      43    0.900296630870   44    0.900296630870   45    0.900296630870
      46    0.900296630870   47    0.900296630870   48    0.900296630870
      49    0.900330851187   50    0.900330851187   51    0.900330851188
      52    1.040843119775   53    1.040843119775   54    1.040843119775
      55    1.040843119775   56    1.040843119775   57    1.040843119775
      58    1.040843119775   59    1.970362808957

  eT terminated successfully!
