


               eT - a coupled cluster program
           S. D. Folkestad, E. F. Kjønstad, 2017-2018



  Initializing UHF wavefunction.

  Requested fractional uniform valence. Valence electrons will be
  distributed evenly in the highest molecular orbitals (if plural).

  :: Direct-integral Hartree-Fock self-consistent field solver
  :: E. F. Kjønstad, S. D. Folkestad, 2018

  A Roothan-Hall self-consistent field solver. In each iteration,
  the Roothan-Hall equation (or equations for unrestricted HF theory)
  are solved to provide the next orbital coefficients. From the new
  orbitals, a new density provides the next Fock matrix. The cycle
  repeats until the solution is self-consistent (as measured by
  the energy change).

  Initial AO density is core.

     Energy of initial guess:      -338.681249551418
     Number of electrons in guess:   15.000000000000

  Iteration    Energy (a.u.)        Delta E (a.u.)
  ------------------------------------------------
    1          -340.674851057524    0.3407E+03
    2          -340.706458748464    0.3161E-01
    3          -340.709491180537    0.3032E-02
    4          -340.709883830824    0.3927E-03
    5          -340.709944528485    0.6070E-04
    6          -340.709955081211    0.1055E-04
    7          -340.709957059710    0.1978E-05
    8          -340.709957446993    0.3873E-06
    9          -340.709957524545    0.7755E-07
   10          -340.709957540254    0.1571E-07
   11          -340.709957543454    0.3200E-08
   12          -340.709957544108    0.6537E-09
   13          -340.709957544242    0.1336E-09
   14          -340.709957544269    0.2734E-10
   15          -340.709957544275    0.5571E-11
   16          -340.709957544276    0.1194E-11
   17          -340.709957544276    0.2842E-12
  ------------------------------------------------

  Converged criterion met in  17 iterations!

  Final UHF energetics (a.u.):

     Nuclear repulsion energy:    0.000000000000
     Total electronic energy:  -340.709957544276

     Alpha orbital energies:

       1  -79.982238639813    2   -7.524141290505    3   -5.422511502567
       4   -5.422511502567    5   -5.422511502567    6   -0.837449671516
       7   -0.392286568337    8   -0.392286568337    9   -0.392286568337
      10    0.088164061228   11    0.101011001599   12    0.101011001599
      13    0.101011001599   14    0.258282697074   15    0.258282697074
      16    0.258282697074   17    0.258282697074   18    0.258282697074
      19    0.676783828765   20    0.676783828765   21    0.676783828765
      22    0.703873718788   23    0.852708512505   24    0.852708512505
      25    0.852708512505   26    0.852708512505   27    0.852708512505


     Beta orbital energies:

       1  -79.962905378386    2   -7.502256395055    3   -5.383833968067
       4   -5.383833968067    5   -5.383833968067    6   -0.558317635100
       7    0.030758588368    8    0.030758588368    9    0.030758588368
      10    0.107348670008   11    0.148711235577   12    0.148711235577
      13    0.148711235577   14    0.329513795559   15    0.329513795559
      16    0.329513795559   17    0.329513795559   18    0.329513795559
      19    0.762155037326   20    0.764413769551   21    0.764413769551
      22    0.764413769551   23    0.959904936708   24    0.959904936708
      25    0.959904936708   26    0.959904936708   27    0.959904936708


  eT terminated successfully!
