


               eT - a coupled cluster program
           S. D. Folkestad, E. F. Kjønstad, 2017-2018



  Initializing UHF wavefunction.

  Requested fractional uniform valence. Valence electrons will be
  distributed evenly in the highest molecular orbitals (if plural).

  :: Direct-integral Hartree-Fock self-consistent field solver
  :: E. F. Kjønstad, S. D. Folkestad, 2018

  A Roothan-Hall self-consistent field solver. In each iteration,
  the Roothan-Hall equation (or equations for unrestricted HF theory)
  are solved to provide the next orbital coefficients. From the new
  orbitals, a new density provides the next Fock matrix. The cycle
  repeats until the solution is self-consistent (as measured by
  the energy change).

  Initial AO density is core.

     Energy of initial guess:      -456.361151835635
     Number of electrons in guess:   17.000000000000

  Iteration    Energy (a.u.)        Delta E (a.u.)
  ------------------------------------------------
    1          -459.223269568651    0.4592E+03
    2          -459.316723512063    0.9345E-01
    3          -459.322018701727    0.5295E-02
    4          -459.322342189740    0.3235E-03
    5          -459.322369780762    0.2759E-04
    6          -459.322373562764    0.3782E-05
    7          -459.322374279795    0.7170E-06
    8          -459.322374432704    0.1529E-06
    9          -459.322374466373    0.3367E-07
   10          -459.322374473844    0.7471E-08
   11          -459.322374475505    0.1661E-08
   12          -459.322374475875    0.3695E-09
   13          -459.322374475957    0.8231E-10
   14          -459.322374475975    0.1813E-10
   15          -459.322374475979    0.3922E-11
   16          -459.322374475980    0.1137E-11
   17          -459.322374475980    0.1137E-12
  ------------------------------------------------

  Converged criterion met in  17 iterations!

  Final UHF energetics (a.u.):

     Nuclear repulsion energy:    0.000000000000
     Total electronic energy:  -459.322374475980

     Alpha orbital energies:

       1 -104.912526653073    2  -10.631420685195    3   -8.100878255054
       4   -8.100878255054    5   -8.100878255054    6   -1.146189786567
       7   -0.536825957123    8   -0.536825957123    9   -0.536825957123
      10    0.709648349983   11    0.709648349983   12    0.709648349983
      13    0.775555803805   14    0.910047709776   15    0.910047709776
      16    0.910047709776   17    0.910047709776   18    0.910047709776


     Beta orbital energies:

       1 -104.898883883372    2  -10.617441155960    3   -8.076781780072
       4   -8.076781780072    5   -8.076781780072    6   -1.012797995728
       7   -0.328031311761    8   -0.328031311761    9   -0.328031311761
      10    0.752563021948   11    0.752563021948   12    0.752563021948
      13    0.803480825916   14    0.982022352716   15    0.982022352716
      16    0.982022352716   17    0.982022352716   18    0.982022352716


  eT terminated successfully!
