


               eT - a coupled cluster program
           S. D. Folkestad, E. F. Kjønstad, 2017-2018



  Initializing UHF wavefunction.

  Requested fractional uniform valence. Valence electrons will be
  distributed evenly in the highest molecular orbitals (if plural).

  :: Direct-integral Hartree-Fock self-consistent field solver
  :: E. F. Kjønstad, S. D. Folkestad, 2018

  A Roothan-Hall self-consistent field solver. In each iteration,
  the Roothan-Hall equation (or equations for unrestricted HF theory)
  are solved to provide the next orbital coefficients. From the new
  orbitals, a new density provides the next Fock matrix. The cycle
  repeats until the solution is self-consistent (as measured by
  the energy change).

  Initial AO density is core.

     Energy of initial guess:      -122.773111031180
     Number of electrons in guess:   10.000000000000

  Iteration    Energy (a.u.)        Delta E (a.u.)
  ------------------------------------------------
    1          -127.366694022600    0.1274E+03
    2          -128.273557891690    0.9069E+00
    3          -128.443543471551    0.1700E+00
    4          -128.479579792232    0.3604E-01
    5          -128.486873651521    0.7294E-02
    6          -128.488385083260    0.1511E-02
    7          -128.488695110610    0.3100E-03
    8          -128.488759005415    0.6389E-04
    9          -128.488772145853    0.1314E-04
   10          -128.488774850897    0.2705E-05
   11          -128.488775407505    0.5566E-06
   12          -128.488775522058    0.1146E-06
   13          -128.488775545632    0.2357E-07
   14          -128.488775550484    0.4851E-08
   15          -128.488775551482    0.9984E-09
   16          -128.488775551688    0.2055E-09
   17          -128.488775551730    0.4221E-10
   18          -128.488775551739    0.8782E-11
   19          -128.488775551740    0.1762E-11
   20          -128.488775551741    0.3695E-12
  ------------------------------------------------

  Converged criterion met in  20 iterations!

  Final UHF energetics (a.u.):

     Nuclear repulsion energy:    0.000000000000
     Total electronic energy:  -128.488775551741

     Alpha orbital energies:

       1  -32.765636594990    2   -1.918798650544    3   -0.832097649231
       4   -0.832097649231    5   -0.832097649231    6    1.694557453614
       7    1.694557453614    8    1.694557453614    9    2.159424656714
      10    5.196710967814   11    5.196710967814   12    5.196710967814
      13    5.196710967814   14    5.196710967814

     Beta orbital energies:

       1  -32.765636594990    2   -1.918798650544    3   -0.832097649231
       4   -0.832097649231    5   -0.832097649231    6    1.694557453614
       7    1.694557453614    8    1.694557453614    9    2.159424656714
      10    5.196710967814   11    5.196710967814   12    5.196710967814
      13    5.196710967814   14    5.196710967814

  eT terminated successfully!
