


               eT - a coupled cluster program
           S. D. Folkestad, E. F. Kjønstad, 2017-2018



  Initializing UHF wavefunction.

  Requested fractional uniform valence. Valence electrons will be
  distributed evenly in the highest molecular orbitals (if plural).

  :: Direct-integral Hartree-Fock self-consistent field solver
  :: E. F. Kjønstad, S. D. Folkestad, 2018

  A Roothan-Hall self-consistent field solver. In each iteration,
  the Roothan-Hall equation (or equations for unrestricted HF theory)
  are solved to provide the next orbital coefficients. From the new
  orbitals, a new density provides the next Fock matrix. The cycle
  repeats until the solution is self-consistent (as measured by
  the energy change).

  Initial AO density is core.

     Energy of initial guess:      -232.368526764019
     Number of electrons in guess:   13.000000000000

  Iteration    Energy (a.u.)        Delta E (a.u.)
  ------------------------------------------------
    1          -240.487580630685    0.2405E+03
    2          -241.717397081657    0.1230E+01
    3          -241.795022607162    0.7763E-01
    4          -241.798826096377    0.3803E-02
    5          -241.799047730447    0.2216E-03
    6          -241.799065532478    0.1780E-04
    7          -241.799067884405    0.2352E-05
    8          -241.799068332848    0.4484E-06
    9          -241.799068432631    0.9978E-07
   10          -241.799068456011    0.2338E-07
   11          -241.799068461584    0.5574E-08
   12          -241.799068462921    0.1337E-08
   13          -241.799068463243    0.3217E-09
   14          -241.799068463320    0.7728E-10
   15          -241.799068463339    0.1893E-10
   16          -241.799068463344    0.4263E-11
   17          -241.799068463345    0.1137E-11
   18          -241.799068463345    0.3126E-12
  ------------------------------------------------

  Converged criterion met in  18 iterations!

  Final UHF energetics (a.u.):

     Nuclear repulsion energy:    0.000000000000
     Total electronic energy:  -241.799068463345

     Alpha orbital energies:

       1  -58.526948260049    2   -4.934783697517    3   -3.243509428250
       4   -3.243509428250    5   -3.243509428250    6   -0.430847396897
       7   -0.059091480084    8   -0.059091480084    9   -0.059091480084
      10    0.207589310029   11    0.252924159352   12    0.252924159352
      13    0.252924159352   14    0.252924159352   15    0.252924159352
      16    0.301319631398   17    0.301319631398   18    0.301319631398
      19    0.879217452087   20    0.879217452087   21    0.879217452087
      22    0.879217452087   23    0.879217452087   24    0.892338484711
      25    0.892338484711   26    0.892338484711   27    0.892338484711
      28    0.892338484711   29    0.892338484711   30    0.892338484711
      31    1.595440958616   32    2.279837126275   33    2.279837126275
      34    2.279837126275

     Beta orbital energies:

       1  -58.525101722454    2   -4.932948825040    3   -3.238561264879
       4   -3.238561264879    5   -3.238561264879    6   -0.379995701000
       7    0.037631269224    8    0.037631269224    9    0.037631269224
      10    0.224380637835   11    0.283283667502   12    0.283283667502
      13    0.283283667502   14    0.283283667502   15    0.283283667502
      16    0.321110766893   17    0.321110766893   18    0.321110766893
      19    0.892044003404   20    0.892044003404   21    0.892044003404
      22    0.892044003404   23    0.892044003404   24    0.909586762170
      25    0.909586762170   26    0.909586762170   27    0.909586762170
      28    0.909586762170   29    0.909586762170   30    0.909586762170
      31    1.602091185263   32    2.287632107417   33    2.287632107417
      34    2.287632107417

  eT terminated successfully!
