


               eT - a coupled cluster program
           S. D. Folkestad, E. F. Kjønstad, 2017-2018



  Initializing UHF wavefunction.

  Requested fractional uniform valence. Valence electrons will be
  distributed evenly in the highest molecular orbitals (if plural).

  :: Direct-integral Hartree-Fock self-consistent field solver
  :: E. F. Kjønstad, S. D. Folkestad, 2018

  A Roothan-Hall self-consistent field solver. In each iteration,
  the Roothan-Hall equation (or equations for unrestricted HF theory)
  are solved to provide the next orbital coefficients. From the new
  orbitals, a new density provides the next Fock matrix. The cycle
  repeats until the solution is self-consistent (as measured by
  the energy change).

  Initial AO density is core.

     Energy of initial guess:       -34.624580466468
     Number of electrons in guess:    6.000000000000

  Iteration    Energy (a.u.)        Delta E (a.u.)
  ------------------------------------------------
    1           -37.232715205358    0.3723E+02
    2           -37.517419993931    0.2847E+00
    3           -37.528335632438    0.1092E-01
    4           -37.528630280065    0.2946E-03
    5           -37.528643052130    0.1277E-04
    6           -37.528644197064    0.1145E-05
    7           -37.528644363621    0.1666E-06
    8           -37.528644393758    0.3014E-07
    9           -37.528644399764    0.6006E-08
   10           -37.528644401012    0.1248E-08
   11           -37.528644401276    0.2639E-09
   12           -37.528644401332    0.5620E-10
   13           -37.528644401344    0.1200E-10
   14           -37.528644401347    0.2551E-11
   15           -37.528644401348    0.5898E-12
  ------------------------------------------------

  Converged criterion met in  15 iterations!

  Final UHF energetics (a.u.):

     Nuclear repulsion energy:    0.000000000000
     Total electronic energy:   -37.528644401348

     Alpha orbital energies:

       1  -11.403988882161    2   -0.847262877295    3   -0.286364530835
       4   -0.286364530835    5   -0.286364530835    6    0.431288148169
       7    0.431288148169    8    0.431288148169    9    0.480525699283
      10    0.817114925534   11    0.817114925534   12    0.817114925534
      13    0.817114925534   14    0.817114925534   15    2.240434390619
      16    2.240434390619   17    2.240434390619   18    2.918803215078
      19    2.918803215078   20    2.918803215078   21    2.918803215078
      22    2.918803215078   23    2.918803215078   24    2.918803215078
      25    3.208269607104   26    3.208269607104   27    3.208269607104
      28    3.208269607104   29    3.208269607104   30    4.091239973187


     Beta orbital energies:

       1  -11.365877455289    2   -0.616515846693    3    0.087546240599
       4    0.087546240599    5    0.087546240599    6    0.525000442500
       7    0.525000442500    8    0.525000442500    9    0.539882514187
      10    0.899245651696   11    0.899245651696   12    0.899245651696
      13    0.899245651696   14    0.899245651696   15    2.320589808174
      16    2.320589808174   17    2.320589808174   18    2.978526593105
      19    2.978526593105   20    2.978526593105   21    2.978526593105
      22    2.978526593105   23    2.978526593105   24    2.978526593105
      25    3.298187452913   26    3.298187452913   27    3.298187452913
      28    3.298187452913   29    3.298187452913   30    4.145944626146


  eT terminated successfully!
