


               eT - a coupled cluster program
           S. D. Folkestad, E. F. Kjønstad, 2017-2018



  Initializing UHF wavefunction.

  Requested fractional uniform valence. Valence electrons will be
  distributed evenly in the highest molecular orbitals (if plural).

  :: Direct-integral Hartree-Fock self-consistent field solver
  :: E. F. Kjønstad, S. D. Folkestad, 2018

  A Roothan-Hall self-consistent field solver. In each iteration,
  the Roothan-Hall equation (or equations for unrestricted HF theory)
  are solved to provide the next orbital coefficients. From the new
  orbitals, a new density provides the next Fock matrix. The cycle
  repeats until the solution is self-consistent (as measured by
  the energy change).

  Iteration    Energy (a.u.)        Delta E (a.u.)
  ------------------------------------------------
    1           -86.230598711371    0.8623E+02
    2           -94.469388083075    0.8239E+01
    3           -97.944470004757    0.3475E+01
    4           -98.811218413390    0.8667E+00
    5           -99.071849458710    0.2606E+00
    6           -99.132449625651    0.6060E-01
    7           -99.147241951671    0.1479E-01
    8           -99.150687710229    0.3446E-02
    9           -99.151502904196    0.8152E-03
   10           -99.151693910288    0.1910E-03
   11           -99.151738839796    0.4493E-04
   12           -99.151749385465    0.1055E-04
   13           -99.151751863059    0.2478E-05
   14           -99.151752444867    0.5818E-06
   15           -99.151752581526    0.1367E-06
   16           -99.151752613623    0.3210E-07
   17           -99.151752621162    0.7539E-08
   18           -99.151752622933    0.1771E-08
   19           -99.151752623349    0.4161E-09
   20           -99.151752623447    0.9771E-10
   21           -99.151752623470    0.2299E-10
   22           -99.151752623475    0.5343E-11
   23           -99.151752623476    0.1322E-11
   24           -99.151752623477    0.2842E-12
  ------------------------------------------------

  Converged in  24 iterations!

