


               eT - a coupled cluster program
           S. D. Folkestad, E. F. Kjønstad, 2017-2018



  Initializing UHF wavefunction.

  Requested fractional uniform valence. Valence electrons will be
  distributed evenly in the highest molecular orbitals (if plural).

  :: Direct-integral Hartree-Fock self-consistent field solver
  :: E. F. Kjønstad, S. D. Folkestad, 2018

  A Roothan-Hall self-consistent field solver. In each iteration,
  the Roothan-Hall equation (or equations for unrestricted HF theory)
  are solved to provide the next orbital coefficients. From the new
  orbitals, a new density provides the next Fock matrix. The cycle
  repeats until the solution is self-consistent (as measured by
  the energy change).

  Initial AO density is core.

     Energy of initial guess:        -0.499809811302
     Number of electrons in guess:    1.000000000000

  Iteration    Energy (a.u.)        Delta E (a.u.)
  ------------------------------------------------
    1            -0.499809811302    0.4998E+00
    2            -0.499809811302    0.1665E-15
  ------------------------------------------------

  Converged criterion met in   2 iterations!

  Final UHF energetics (a.u.):

     Nuclear repulsion energy:    0.000000000000
     Total electronic energy:    -0.499809811302

     Alpha orbital energies:

       1   -0.499809811302    2    0.348763625933    3    0.737494384274
       4    0.737494384274    5    0.737494384274    6    2.469733362541
       7    3.429912514907    8    3.429912514907    9    3.429912514907
      10    3.429912514907   11    3.429912514907   12    3.846029453455
      13    3.846029453455   14    3.846029453455

     Beta orbital energies:

       1    0.056229797111    2    0.492239058144    3    0.835383106471
       4    0.835383106471    5    0.835383106471    6    2.601263961725
       7    3.486496417895    8    3.486496417895    9    3.486496417895
      10    3.486496417895   11    3.486496417895   12    3.933611368068
      13    3.933611368068   14    3.933611368068

  eT terminated successfully!
