


               eT - a coupled cluster program
           S. D. Folkestad, E. F. Kjønstad, 2017-2018



  Initializing UHF wavefunction.

  Requested fractional uniform valence. Valence electrons will be
  distributed evenly in the highest molecular orbitals (if plural).

  :: Direct-integral Hartree-Fock self-consistent field solver
  :: E. F. Kjønstad, S. D. Folkestad, 2018

  A Roothan-Hall self-consistent field solver. In each iteration,
  the Roothan-Hall equation (or equations for unrestricted HF theory)
  are solved to provide the next orbital coefficients. From the new
  orbitals, a new density provides the next Fock matrix. The cycle
  repeats until the solution is self-consistent (as measured by
  the energy change).

  Initial AO density is core.

     Energy of initial guess:      -197.633295604656
     Number of electrons in guess:   12.000000000000

  Iteration    Energy (a.u.)        Delta E (a.u.)
  ------------------------------------------------
    1          -199.587799478299    0.1996E+03
    2          -199.612709387992    0.2491E-01
    3          -199.613312152097    0.6028E-03
    4          -199.613344628889    0.3248E-04
    5          -199.613347163894    0.2535E-05
    6          -199.613347390198    0.2263E-06
    7          -199.613347411475    0.2128E-07
    8          -199.613347413514    0.2039E-08
    9          -199.613347413711    0.1968E-09
   10          -199.613347413730    0.1904E-10
   11          -199.613347413732    0.1762E-11
   12          -199.613347413732    0.1990E-12
  ------------------------------------------------

  Converged criterion met in  12 iterations!

  Final UHF energetics (a.u.):

     Nuclear repulsion energy:    0.000000000000
     Total electronic energy:  -199.613347413732

     Alpha orbital energies:

       1  -49.031780861922    2   -3.767703427828    3   -2.282076569955
       4   -2.282076569955    5   -2.282076569955    6   -0.253047249481
       7    0.036659568174    8    0.036659568174    9    0.036659568174
      10    0.138742404345   11    0.183536243596   12    0.183536243596
      13    0.183536243596   14    0.322135184475   15    0.322135184475
      16    0.322135184475   17    0.322135184475   18    0.322135184475
      19    0.714614997251   20    0.714614997251   21    0.714614997251
      22    0.967435154826   23    0.967435154826   24    0.967435154826
      25    0.967435154826   26    0.967435154826   27    0.967435154826
      28    0.967435154826   29    0.970199585780   30    0.970199585780
      31    0.970199585780   32    0.970199585780   33    0.970199585780
      34    1.048160357280

     Beta orbital energies:

       1  -49.031780861922    2   -3.767703427828    3   -2.282076569955
       4   -2.282076569955    5   -2.282076569955    6   -0.253047249481
       7    0.036659568174    8    0.036659568174    9    0.036659568174
      10    0.138742404345   11    0.183536243596   12    0.183536243596
      13    0.183536243596   14    0.322135184475   15    0.322135184475
      16    0.322135184475   17    0.322135184475   18    0.322135184475
      19    0.714614997251   20    0.714614997251   21    0.714614997251
      22    0.967435154826   23    0.967435154826   24    0.967435154826
      25    0.967435154826   26    0.967435154826   27    0.967435154826
      28    0.967435154826   29    0.970199585780   30    0.970199585780
      31    0.970199585780   32    0.970199585780   33    0.970199585780
      34    1.048160357280

  eT terminated successfully!
