


               eT - a coupled cluster program
           S. D. Folkestad, E. F. Kjønstad, 2017-2018



  Initializing UHF wavefunction.

  Requested fractional uniform valence. Valence electrons will be
  distributed evenly in the highest molecular orbitals (if plural).

  :: Direct-integral Hartree-Fock self-consistent field solver
  :: E. F. Kjønstad, S. D. Folkestad, 2018

  A Roothan-Hall self-consistent field solver. In each iteration,
  the Roothan-Hall equation (or equations for unrestricted HF theory)
  are solved to provide the next orbital coefficients. From the new
  orbitals, a new density provides the next Fock matrix. The cycle
  repeats until the solution is self-consistent (as measured by
  the energy change).

  Initial AO density is core.

     Energy of initial guess:       -49.840352039567
     Number of electrons in guess:    7.000000000000

  Iteration    Energy (a.u.)        Delta E (a.u.)
  ------------------------------------------------
    1           -53.901758650846    0.5390E+02
    2           -54.380325713507    0.4786E+00
    3           -54.400096672542    0.1977E-01
    4           -54.400653552581    0.5569E-03
    5           -54.400681918805    0.2837E-04
    6           -54.400685426689    0.3508E-05
    7           -54.400686055622    0.6289E-06
    8           -54.400686176958    0.1213E-06
    9           -54.400686200706    0.2375E-07
   10           -54.400686205370    0.4664E-08
   11           -54.400686206287    0.9170E-09
   12           -54.400686206468    0.1804E-09
   13           -54.400686206503    0.3541E-10
   14           -54.400686206510    0.7020E-11
   15           -54.400686206512    0.1378E-11
   16           -54.400686206512    0.2487E-12
  ------------------------------------------------

  Converged criterion met in  16 iterations!

  Final UHF energetics (a.u.):

     Nuclear repulsion energy:    0.000000000000
     Total electronic energy:   -54.400686206512

     Alpha orbital energies:

       1  -15.668661553392    2   -1.161119174180    3   -0.568682098874
       4   -0.568682098874    5   -0.568682098874    6    0.584542424477
       7    0.584542424477    8    0.584542424477    9    0.663638925565
      10    1.191224827279   11    1.191224827279   12    1.191224827279
      13    1.191224827279   14    1.191224827279   15    3.169017418767
      16    3.169017418767   17    3.169017418767   18    4.183523541569
      19    4.183523541569   20    4.183523541569   21    4.183523541569
      22    4.183523541569   23    4.183523541569   24    4.183523541569
      25    4.753721227040   26    4.753721227040   27    4.753721227040
      28    4.753721227040   29    4.753721227040   30    5.654504061815


     Beta orbital energies:

       1  -15.579293763491    2   -0.725656407067    3    0.143603112955
       4    0.143603112955    5    0.143603112955    6    0.761202852651
       7    0.761202852651    8    0.761202852651    9    0.772102703504
      10    1.335961485191   11    1.335961485191   12    1.335961485191
      13    1.335961485191   14    1.335961485191   15    3.332279081663
      16    3.332279081663   17    3.332279081663   18    4.294479562530
      19    4.294479562530   20    4.294479562530   21    4.294479562530
      22    4.294479562530   23    4.294479562530   24    4.294479562530
      25    4.936322465643   26    4.936322465643   27    4.936322465643
      28    4.936322465643   29    4.936322465643   30    5.768302117726


  eT terminated successfully!
