


               eT - a coupled cluster program
           S. D. Folkestad, E. F. Kjønstad, 2017-2018



  Initializing UHF wavefunction.

  Requested fractional uniform valence. Valence electrons will be
  distributed evenly in the highest molecular orbitals (if plural).

  :: Direct-integral Hartree-Fock self-consistent field solver
  :: E. F. Kjønstad, S. D. Folkestad, 2018

  A Roothan-Hall self-consistent field solver. In each iteration,
  the Roothan-Hall equation (or equations for unrestricted HF theory)
  are solved to provide the next orbital coefficients. From the new
  orbitals, a new density provides the next Fock matrix. The cycle
  repeats until the solution is self-consistent (as measured by
  the energy change).

  Initial AO density is core.

     Energy of initial guess:      -159.822510456362
     Number of electrons in guess:   11.000000000000

  Iteration    Energy (a.u.)        Delta E (a.u.)
  ------------------------------------------------
    1          -161.811774280694    0.1618E+03
    2          -161.852541948539    0.4077E-01
    3          -161.856754441245    0.4212E-02
    4          -161.857717546651    0.9631E-03
    5          -161.857955916913    0.2384E-03
    6          -161.858015694553    0.5978E-04
    7          -161.858030724373    0.1503E-04
    8          -161.858034505492    0.3781E-05
    9          -161.858035456858    0.9514E-06
   10          -161.858035696239    0.2394E-06
   11          -161.858035756472    0.6023E-07
   12          -161.858035771628    0.1516E-07
   13          -161.858035775442    0.3813E-08
   14          -161.858035776401    0.9597E-09
   15          -161.858035776643    0.2413E-09
   16          -161.858035776704    0.6088E-10
   17          -161.858035776719    0.1529E-10
   18          -161.858035776723    0.3780E-11
   19          -161.858035776724    0.9948E-12
  ------------------------------------------------

  Converged criterion met in  19 iterations!

  Final UHF energetics (a.u.):

     Nuclear repulsion energy:    0.000000000000
     Total electronic energy:  -161.858035776724

     Alpha orbital energies:

       1  -40.480109517262    2   -2.800655234582    3   -1.519129656681
       4   -1.519129656681    5   -1.519129656681    6   -0.182200571495
       7    0.018470685598    8    0.018470685598    9    0.018470685598
      10    0.082608894920   11    0.082608894920   12    0.082608894920
      13    0.103693112771   14    0.170146244104   15    0.170146244104
      16    0.170146244104   17    0.170146244104   18    0.170146244104
      19    0.315022051613   20    0.315022051613   21    0.315022051613
      22    0.523734095558   23    0.523734095558   24    0.523734095558
      25    0.523734095558   26    0.523734095558   27    0.563693621835
      28    0.563693621835   29    0.563693621835   30    0.563693621835
      31    0.563693621835   32    0.563693621835   33    0.563693621835
      34    1.716476542440

     Beta orbital energies:

       1  -40.477481552791    2   -2.793532282098    3   -1.516951229810
       4   -1.516951229810    5   -1.516951229810    6    0.016897376379
       7    0.030655576178    8    0.030655576178    9    0.030655576178
      10    0.109940338368   11    0.109940338368   12    0.109940338368
      13    0.143587813954   14    0.185788342720   15    0.185788342720
      16    0.185788342720   17    0.185788342720   18    0.185788342720
      19    0.338255185091   20    0.338255185091   21    0.338255185091
      22    0.539884305782   23    0.539884305782   24    0.539884305782
      25    0.539884305782   26    0.539884305782   27    0.577504681773
      28    0.577504681773   29    0.577504681773   30    0.577504681773
      31    0.577504681773   32    0.577504681773   33    0.577504681773
      34    1.732870972252

  eT terminated successfully!
