


               eT - a coupled cluster program
           S. D. Folkestad, E. F. Kjønstad, 2017-2018



  Initializing UHF wavefunction.

  Requested fractional uniform valence. Valence electrons will be
  distributed evenly in the highest molecular orbitals (if plural).

  :: Direct-integral Hartree-Fock self-consistent field solver
  :: E. F. Kjønstad, S. D. Folkestad, 2018

  A Roothan-Hall self-consistent field solver. In each iteration,
  the Roothan-Hall equation (or equations for unrestricted HF theory)
  are solved to provide the next orbital coefficients. From the new
  orbitals, a new density provides the next Fock matrix. The cycle
  repeats until the solution is self-consistent (as measured by
  the energy change).

  Initial AO density is core.

     Energy of initial guess:      -113.914835745367
     Number of electrons in guess:   10.000000000000

  Iteration    Energy (a.u.)        Delta E (a.u.)
  ------------------------------------------------
    1          -121.961790608927    0.1220E+03
    2          -126.709823853881    0.4748E+01
    3          -127.958775021581    0.1249E+01
    4          -128.387817382504    0.4290E+00
    5          -128.494011958362    0.1062E+00
    6          -128.522354242676    0.2834E-01
    7          -128.529434184265    0.7080E-02
    8          -128.531247941676    0.1814E-02
    9          -128.531705777952    0.4578E-03
   10          -128.531822148183    0.1164E-03
   11          -128.531851619825    0.2947E-04
   12          -128.531859097080    0.7477E-05
   13          -128.531860992415    0.1895E-05
   14          -128.531861473063    0.4806E-06
   15          -128.531861594925    0.1219E-06
   16          -128.531861625825    0.3090E-07
   17          -128.531861633660    0.7835E-08
   18          -128.531861635647    0.1987E-08
   19          -128.531861636150    0.5036E-09
   20          -128.531861636278    0.1277E-09
   21          -128.531861636310    0.3240E-10
   22          -128.531861636319    0.8242E-11
   23          -128.531861636321    0.2075E-11
   24          -128.531861636321    0.5684E-12
  ------------------------------------------------

  Converged criterion met in  24 iterations!

  Final UHF energetics (a.u.):

     Nuclear repulsion energy:    0.000000000000
     Total electronic energy:  -128.531861636321

     Alpha orbital energies:

       1  -32.769112235659    2   -1.927083828908    3   -0.845416010065
       4   -0.845416010065    5   -0.845416010065    6    1.098867849782
       7    1.098867849782    8    1.098867849782    9    1.417638546578
      10    2.814217263065   11    2.814217263065   12    2.814217263065
      13    2.814217263065   14    2.814217263065   15    6.155866017753
      16    6.155866017753   17    6.155866017753   18    9.647369084757
      19    9.647369084757   20    9.647369084757   21    9.647369084757
      22    9.647369084757   23    9.647369084757   24    9.647369084757
      25   11.227311929256   26   11.227311929256   27   11.227311929256
      28   11.227311929256   29   11.227311929256   30   11.744557296535


     Beta orbital energies:

       1  -32.769112235659    2   -1.927083828908    3   -0.845416010065
       4   -0.845416010065    5   -0.845416010065    6    1.098867849782
       7    1.098867849782    8    1.098867849782    9    1.417638546578
      10    2.814217263065   11    2.814217263065   12    2.814217263065
      13    2.814217263065   14    2.814217263065   15    6.155866017753
      16    6.155866017753   17    6.155866017753   18    9.647369084757
      19    9.647369084757   20    9.647369084757   21    9.647369084757
      22    9.647369084757   23    9.647369084757   24    9.647369084757
      25   11.227311929256   26   11.227311929256   27   11.227311929256
      28   11.227311929256   29   11.227311929256   30   11.744557296535


  eT terminated successfully!
