


               eT - a coupled cluster program
           S. D. Folkestad, E. F. Kjønstad, 2017-2018



  Initializing UHF wavefunction.

  Requested fractional uniform valence. Valence electrons will be
  distributed evenly in the highest molecular orbitals (if plural).

  :: Direct-integral Hartree-Fock self-consistent field solver
  :: E. F. Kjønstad, S. D. Folkestad, 2018

  A Roothan-Hall self-consistent field solver. In each iteration,
  the Roothan-Hall equation (or equations for unrestricted HF theory)
  are solved to provide the next orbital coefficients. From the new
  orbitals, a new density provides the next Fock matrix. The cycle
  repeats until the solution is self-consistent (as measured by
  the energy change).

  Initial AO density is core.

     Energy of initial guess:      -331.317422366345
     Number of electrons in guess:   15.000000000000

  Iteration    Energy (a.u.)        Delta E (a.u.)
  ------------------------------------------------
    1          -339.333624184183    0.3393E+03
    2          -340.660379751313    0.1327E+01
    3          -340.714918121345    0.5454E-01
    4          -340.716260974857    0.1343E-02
    5          -340.716303804972    0.4283E-04
    6          -340.716305747817    0.1943E-05
    7          -340.716305871730    0.1239E-06
    8          -340.716305882164    0.1043E-07
    9          -340.716305883326    0.1162E-08
   10          -340.716305883494    0.1684E-09
   11          -340.716305883523    0.2899E-10
   12          -340.716305883529    0.5571E-11
   13          -340.716305883530    0.8527E-12
  ------------------------------------------------

  Converged criterion met in  13 iterations!

  Final UHF energetics (a.u.):

     Nuclear repulsion energy:    0.000000000000
     Total electronic energy:  -340.716305883530

     Alpha orbital energies:

       1  -79.978449420212    2   -7.520784460110    3   -5.419506930306
       4   -5.419506930306    5   -5.419506930306    6   -0.835378517635
       7   -0.391359257013    8   -0.391359257013    9   -0.391359257013
      10    0.370189347762   11    0.386688600930   12    0.386688600930
      13    0.386688600930   14    0.397804565174   15    0.397804565174
      16    0.397804565174   17    0.397804565174   18    0.397804565174
      19    1.488397201591   20    1.488397201591   21    1.488397201591
      22    1.488397201591   23    1.488397201591   24    1.546236440578
      25    1.546236440578   26    1.546236440578   27    1.546236440578
      28    1.546236440578   29    1.546236440578   30    1.546236440578
      31    2.188747223457   32    2.188747223457   33    2.188747223457
      34    2.921678259722

     Beta orbital energies:

       1  -79.958577179412    2   -7.498905245871    3   -5.379427850454
       4   -5.379427850454    5   -5.379427850454    6   -0.555838260653
       7    0.054428299811    8    0.054428299811    9    0.054428299811
      10    0.430449271856   11    0.474950428298   12    0.474950428298
      13    0.474950428298   14    0.528386229483   15    0.528386229483
      16    0.528386229483   17    0.528386229483   18    0.528386229483
      19    1.559983730305   20    1.559983730305   21    1.559983730305
      22    1.559983730305   23    1.559983730305   24    1.628758356923
      25    1.628758356923   26    1.628758356923   27    1.628758356923
      28    1.628758356923   29    1.628758356923   30    1.628758356923
      31    2.256113481430   32    2.256113481430   33    2.256113481430
      34    2.968990922883

  eT terminated successfully!
